2024-12-26T13:07:21.311+0100 INFO               [main]                         be.pxl.services.ReviewServiceApplication - Starting ReviewServiceApplication using Java 21.0.1 with PID 33884 (C:\School\FullStackJavaProject\project-Ozkanhlm\backend-java\ContentbeheerSevices\review-service\target\classes started by Ozkan in C:\School\FullStackJavaProject\project-Ozkanhlm\backend-java\ContentbeheerSevices)
2024-12-26T13:07:21.315+0100 DEBUG              [main]                         be.pxl.services.ReviewServiceApplication - Running with Spring Boot v3.3.5, Spring v6.1.14
2024-12-26T13:07:21.317+0100 INFO               [main]                         be.pxl.services.ReviewServiceApplication - No active profile set, falling back to 1 default profile: "default"
2024-12-26T13:07:38.643+0100 INFO               [main]                         be.pxl.services.ReviewServiceApplication - Started ReviewServiceApplication in 20.343 seconds (process running for 24.176)
2024-12-26T13:08:14.612+0100 WARN               [http-nio-8083-exec-2]         be.pxl.services.services.ReviewService - No reviews found for postId: 152
2024-12-26T13:08:14.690+0100 WARN               [http-nio-8083-exec-5]         be.pxl.services.services.ReviewService - No reviews found for postId: 153
2024-12-26T13:08:14.725+0100 WARN               [http-nio-8083-exec-3]         be.pxl.services.services.ReviewService - No reviews found for postId: 154
2024-12-26T13:08:23.706+0100 WARN               [http-nio-8083-exec-6]         be.pxl.services.services.ReviewService - No reviews found for postId: 152
2024-12-26T13:08:23.737+0100 WARN               [http-nio-8083-exec-7]         be.pxl.services.services.ReviewService - No reviews found for postId: 153
2024-12-26T13:08:23.764+0100 WARN               [http-nio-8083-exec-10]        be.pxl.services.services.ReviewService - No reviews found for postId: 154
2024-12-26T13:10:34.939+0100 WARN               [http-nio-8083-exec-9]         be.pxl.services.services.ReviewService - No reviews found for postId: 154
2024-12-26T13:10:35.052+0100 WARN               [http-nio-8083-exec-8]         be.pxl.services.services.ReviewService - No reviews found for postId: 154
2024-12-26T13:10:38.045+0100 WARN               [http-nio-8083-exec-2]         be.pxl.services.services.ReviewService - No reviews found for postId: 152
2024-12-26T13:10:38.075+0100 WARN               [http-nio-8083-exec-5]         be.pxl.services.services.ReviewService - No reviews found for postId: 153
2024-12-26T13:10:38.100+0100 WARN               [http-nio-8083-exec-3]         be.pxl.services.services.ReviewService - No reviews found for postId: 154
2024-12-26T13:10:58.077+0100 WARN               [http-nio-8083-exec-6]         be.pxl.services.services.ReviewService - No reviews found for postId: 152
2024-12-26T13:10:58.102+0100 WARN               [http-nio-8083-exec-7]         be.pxl.services.services.ReviewService - No reviews found for postId: 153
2024-12-26T13:10:58.127+0100 WARN               [http-nio-8083-exec-10]        be.pxl.services.services.ReviewService - No reviews found for postId: 154
2024-12-26T13:11:37.937+0100 WARN               [http-nio-8083-exec-8]         be.pxl.services.services.ReviewService - No reviews found for postId: 152
2024-12-26T13:11:37.986+0100 WARN               [http-nio-8083-exec-1]         be.pxl.services.services.ReviewService - No reviews found for postId: 153
2024-12-26T13:11:38.023+0100 WARN               [http-nio-8083-exec-2]         be.pxl.services.services.ReviewService - No reviews found for postId: 154
2024-12-26T13:11:38.054+0100 WARN               [http-nio-8083-exec-5]         be.pxl.services.services.ReviewService - No reviews found for postId: 202
2024-12-26T13:12:38.512+0100 WARN               [http-nio-8083-exec-4]         be.pxl.services.services.ReviewService - No reviews found for postId: 152
2024-12-26T13:12:38.546+0100 WARN               [http-nio-8083-exec-6]         be.pxl.services.services.ReviewService - No reviews found for postId: 153
2024-12-26T13:12:38.577+0100 WARN               [http-nio-8083-exec-7]         be.pxl.services.services.ReviewService - No reviews found for postId: 154
2024-12-26T13:12:38.617+0100 WARN               [http-nio-8083-exec-10]        be.pxl.services.services.ReviewService - No reviews found for postId: 202
2024-12-26T13:12:47.839+0100 WARN               [http-nio-8083-exec-8]         be.pxl.services.services.ReviewService - No reviews found for postId: 152
2024-12-26T13:12:47.875+0100 WARN               [http-nio-8083-exec-1]         be.pxl.services.services.ReviewService - No reviews found for postId: 153
2024-12-26T13:12:47.915+0100 WARN               [http-nio-8083-exec-2]         be.pxl.services.services.ReviewService - No reviews found for postId: 154
2024-12-26T13:12:47.952+0100 WARN               [http-nio-8083-exec-5]         be.pxl.services.services.ReviewService - No reviews found for postId: 202
2024-12-26T13:12:51.232+0100 WARN               [http-nio-8083-exec-4]         be.pxl.services.services.ReviewService - No reviews found for postId: 152
2024-12-26T13:12:51.264+0100 WARN               [http-nio-8083-exec-6]         be.pxl.services.services.ReviewService - No reviews found for postId: 153
2024-12-26T13:12:51.292+0100 WARN               [http-nio-8083-exec-7]         be.pxl.services.services.ReviewService - No reviews found for postId: 154
2024-12-26T13:12:51.318+0100 WARN               [http-nio-8083-exec-10]        be.pxl.services.services.ReviewService - No reviews found for postId: 202
2024-12-26T13:13:02.622+0100 WARN               [http-nio-8083-exec-8]         be.pxl.services.services.ReviewService - No reviews found for postId: 152
2024-12-26T13:13:02.659+0100 WARN               [http-nio-8083-exec-1]         be.pxl.services.services.ReviewService - No reviews found for postId: 153
2024-12-26T13:13:02.696+0100 WARN               [http-nio-8083-exec-2]         be.pxl.services.services.ReviewService - No reviews found for postId: 154
2024-12-26T13:13:02.728+0100 WARN               [http-nio-8083-exec-5]         be.pxl.services.services.ReviewService - No reviews found for postId: 202
2024-12-26T13:19:20.329+0100 WARN               [http-nio-8083-exec-4]         be.pxl.services.services.ReviewService - No reviews found for postId: 152
2024-12-26T13:19:20.372+0100 WARN               [http-nio-8083-exec-6]         be.pxl.services.services.ReviewService - No reviews found for postId: 153
2024-12-26T13:19:20.407+0100 WARN               [http-nio-8083-exec-7]         be.pxl.services.services.ReviewService - No reviews found for postId: 154
2024-12-26T13:19:20.446+0100 WARN               [http-nio-8083-exec-10]        be.pxl.services.services.ReviewService - No reviews found for postId: 202
2024-12-26T13:19:25.610+0100 WARN               [http-nio-8083-exec-8]         be.pxl.services.services.ReviewService - No reviews found for postId: 152
2024-12-26T13:19:25.664+0100 WARN               [http-nio-8083-exec-1]         be.pxl.services.services.ReviewService - No reviews found for postId: 153
2024-12-26T13:19:25.721+0100 WARN               [http-nio-8083-exec-2]         be.pxl.services.services.ReviewService - No reviews found for postId: 154
2024-12-26T13:19:25.791+0100 WARN               [http-nio-8083-exec-5]         be.pxl.services.services.ReviewService - No reviews found for postId: 202
2024-12-26T13:19:52.645+0100 WARN               [http-nio-8083-exec-4]         be.pxl.services.services.ReviewService - No reviews found for postId: 152
2024-12-26T13:19:52.684+0100 WARN               [http-nio-8083-exec-6]         be.pxl.services.services.ReviewService - No reviews found for postId: 153
2024-12-26T13:19:52.716+0100 WARN               [http-nio-8083-exec-7]         be.pxl.services.services.ReviewService - No reviews found for postId: 154
2024-12-26T13:19:52.748+0100 WARN               [http-nio-8083-exec-10]        be.pxl.services.services.ReviewService - No reviews found for postId: 202
2024-12-26T13:19:57.188+0100 WARN               [http-nio-8083-exec-8]         be.pxl.services.services.ReviewService - No reviews found for postId: 152
2024-12-26T13:19:57.223+0100 WARN               [http-nio-8083-exec-1]         be.pxl.services.services.ReviewService - No reviews found for postId: 153
2024-12-26T13:19:57.249+0100 WARN               [http-nio-8083-exec-2]         be.pxl.services.services.ReviewService - No reviews found for postId: 154
2024-12-26T13:19:57.280+0100 WARN               [http-nio-8083-exec-5]         be.pxl.services.services.ReviewService - No reviews found for postId: 202
2024-12-26T13:20:10.363+0100 WARN               [http-nio-8083-exec-4]         be.pxl.services.services.ReviewService - No reviews found for postId: 152
2024-12-26T13:20:10.401+0100 WARN               [http-nio-8083-exec-6]         be.pxl.services.services.ReviewService - No reviews found for postId: 153
2024-12-26T13:20:10.425+0100 WARN               [http-nio-8083-exec-7]         be.pxl.services.services.ReviewService - No reviews found for postId: 154
2024-12-26T13:20:10.451+0100 WARN               [http-nio-8083-exec-10]        be.pxl.services.services.ReviewService - No reviews found for postId: 202
2024-12-26T13:20:13.134+0100 WARN               [http-nio-8083-exec-8]         be.pxl.services.services.ReviewService - No reviews found for postId: 152
2024-12-26T13:20:13.171+0100 WARN               [http-nio-8083-exec-1]         be.pxl.services.services.ReviewService - No reviews found for postId: 153
2024-12-26T13:20:13.200+0100 WARN               [http-nio-8083-exec-2]         be.pxl.services.services.ReviewService - No reviews found for postId: 154
2024-12-26T13:20:13.223+0100 WARN               [http-nio-8083-exec-5]         be.pxl.services.services.ReviewService - No reviews found for postId: 202
2024-12-26T13:20:16.140+0100 WARN               [http-nio-8083-exec-4]         be.pxl.services.services.ReviewService - No reviews found for postId: 152
2024-12-26T13:20:16.179+0100 WARN               [http-nio-8083-exec-6]         be.pxl.services.services.ReviewService - No reviews found for postId: 153
2024-12-26T13:20:16.210+0100 WARN               [http-nio-8083-exec-7]         be.pxl.services.services.ReviewService - No reviews found for postId: 154
2024-12-26T13:20:16.237+0100 WARN               [http-nio-8083-exec-10]        be.pxl.services.services.ReviewService - No reviews found for postId: 202
2024-12-26T13:20:19.155+0100 WARN               [http-nio-8083-exec-8]         be.pxl.services.services.ReviewService - No reviews found for postId: 152
2024-12-26T13:20:19.193+0100 WARN               [http-nio-8083-exec-1]         be.pxl.services.services.ReviewService - No reviews found for postId: 153
2024-12-26T13:20:19.220+0100 WARN               [http-nio-8083-exec-2]         be.pxl.services.services.ReviewService - No reviews found for postId: 154
2024-12-26T13:20:19.247+0100 WARN               [http-nio-8083-exec-5]         be.pxl.services.services.ReviewService - No reviews found for postId: 202
2024-12-26T13:20:26.283+0100 WARN               [http-nio-8083-exec-4]         be.pxl.services.services.ReviewService - No reviews found for postId: 152
2024-12-26T13:20:26.315+0100 WARN               [http-nio-8083-exec-6]         be.pxl.services.services.ReviewService - No reviews found for postId: 153
2024-12-26T13:20:26.350+0100 WARN               [http-nio-8083-exec-7]         be.pxl.services.services.ReviewService - No reviews found for postId: 154
2024-12-26T13:20:26.379+0100 WARN               [http-nio-8083-exec-10]        be.pxl.services.services.ReviewService - No reviews found for postId: 202
2024-12-26T13:20:37.053+0100 WARN               [http-nio-8083-exec-8]         be.pxl.services.services.ReviewService - No reviews found for postId: 152
2024-12-26T13:20:37.086+0100 WARN               [http-nio-8083-exec-1]         be.pxl.services.services.ReviewService - No reviews found for postId: 153
2024-12-26T13:20:37.124+0100 WARN               [http-nio-8083-exec-2]         be.pxl.services.services.ReviewService - No reviews found for postId: 154
2024-12-26T13:20:37.155+0100 WARN               [http-nio-8083-exec-5]         be.pxl.services.services.ReviewService - No reviews found for postId: 202
2024-12-26T13:21:08.307+0100 WARN               [http-nio-8083-exec-4]         be.pxl.services.services.ReviewService - No reviews found for postId: 152
2024-12-26T13:21:08.358+0100 WARN               [http-nio-8083-exec-6]         be.pxl.services.services.ReviewService - No reviews found for postId: 153
2024-12-26T13:21:08.404+0100 WARN               [http-nio-8083-exec-7]         be.pxl.services.services.ReviewService - No reviews found for postId: 154
2024-12-26T13:21:08.446+0100 WARN               [http-nio-8083-exec-10]        be.pxl.services.services.ReviewService - No reviews found for postId: 202
2024-12-26T13:21:14.531+0100 WARN               [http-nio-8083-exec-8]         be.pxl.services.services.ReviewService - No reviews found for postId: 152
2024-12-26T13:21:14.560+0100 WARN               [http-nio-8083-exec-1]         be.pxl.services.services.ReviewService - No reviews found for postId: 153
2024-12-26T13:21:14.595+0100 WARN               [http-nio-8083-exec-2]         be.pxl.services.services.ReviewService - No reviews found for postId: 154
2024-12-26T13:21:14.624+0100 WARN               [http-nio-8083-exec-5]         be.pxl.services.services.ReviewService - No reviews found for postId: 202
2024-12-26T13:21:58.440+0100 WARN               [http-nio-8083-exec-4]         be.pxl.services.services.ReviewService - No reviews found for postId: 152
2024-12-26T13:21:58.478+0100 WARN               [http-nio-8083-exec-6]         be.pxl.services.services.ReviewService - No reviews found for postId: 153
2024-12-26T13:21:58.510+0100 WARN               [http-nio-8083-exec-7]         be.pxl.services.services.ReviewService - No reviews found for postId: 154
2024-12-26T13:21:58.805+0100 WARN               [http-nio-8083-exec-10]        be.pxl.services.services.ReviewService - No reviews found for postId: 202
2024-12-26T13:22:01.347+0100 WARN               [http-nio-8083-exec-8]         be.pxl.services.services.ReviewService - No reviews found for postId: 152
2024-12-26T13:22:01.379+0100 WARN               [http-nio-8083-exec-1]         be.pxl.services.services.ReviewService - No reviews found for postId: 153
2024-12-26T13:22:01.413+0100 WARN               [http-nio-8083-exec-2]         be.pxl.services.services.ReviewService - No reviews found for postId: 154
2024-12-26T13:22:01.495+0100 WARN               [http-nio-8083-exec-5]         be.pxl.services.services.ReviewService - No reviews found for postId: 202
2024-12-26T13:22:20.159+0100 WARN               [http-nio-8083-exec-4]         be.pxl.services.services.ReviewService - No reviews found for postId: 152
2024-12-26T13:22:20.205+0100 WARN               [http-nio-8083-exec-6]         be.pxl.services.services.ReviewService - No reviews found for postId: 153
2024-12-26T13:22:20.237+0100 WARN               [http-nio-8083-exec-7]         be.pxl.services.services.ReviewService - No reviews found for postId: 154
2024-12-26T13:22:20.264+0100 WARN               [http-nio-8083-exec-10]        be.pxl.services.services.ReviewService - No reviews found for postId: 202
2024-12-26T13:22:31.647+0100 WARN               [http-nio-8083-exec-8]         be.pxl.services.services.ReviewService - No reviews found for postId: 152
2024-12-26T13:22:31.686+0100 WARN               [http-nio-8083-exec-1]         be.pxl.services.services.ReviewService - No reviews found for postId: 153
2024-12-26T13:22:31.725+0100 WARN               [http-nio-8083-exec-2]         be.pxl.services.services.ReviewService - No reviews found for postId: 154
2024-12-26T13:22:31.766+0100 WARN               [http-nio-8083-exec-5]         be.pxl.services.services.ReviewService - No reviews found for postId: 202
2024-12-26T13:22:33.652+0100 WARN               [http-nio-8083-exec-4]         be.pxl.services.services.ReviewService - No reviews found for postId: 152
2024-12-26T13:22:33.684+0100 WARN               [http-nio-8083-exec-6]         be.pxl.services.services.ReviewService - No reviews found for postId: 153
2024-12-26T13:22:33.734+0100 WARN               [http-nio-8083-exec-7]         be.pxl.services.services.ReviewService - No reviews found for postId: 154
2024-12-26T13:22:33.821+0100 WARN               [http-nio-8083-exec-10]        be.pxl.services.services.ReviewService - No reviews found for postId: 202
2024-12-26T13:22:42.143+0100 WARN               [http-nio-8083-exec-8]         be.pxl.services.services.ReviewService - No reviews found for postId: 152
2024-12-26T13:22:42.182+0100 WARN               [http-nio-8083-exec-1]         be.pxl.services.services.ReviewService - No reviews found for postId: 153
2024-12-26T13:22:42.235+0100 WARN               [http-nio-8083-exec-2]         be.pxl.services.services.ReviewService - No reviews found for postId: 154
2024-12-26T13:22:42.277+0100 WARN               [http-nio-8083-exec-5]         be.pxl.services.services.ReviewService - No reviews found for postId: 202
2024-12-26T13:22:53.192+0100 WARN               [http-nio-8083-exec-4]         be.pxl.services.services.ReviewService - No reviews found for postId: 152
2024-12-26T13:22:53.229+0100 WARN               [http-nio-8083-exec-6]         be.pxl.services.services.ReviewService - No reviews found for postId: 153
2024-12-26T13:22:53.260+0100 WARN               [http-nio-8083-exec-7]         be.pxl.services.services.ReviewService - No reviews found for postId: 154
2024-12-26T13:22:53.293+0100 WARN               [http-nio-8083-exec-10]        be.pxl.services.services.ReviewService - No reviews found for postId: 202
2024-12-26T13:22:57.136+0100 WARN               [http-nio-8083-exec-8]         be.pxl.services.services.ReviewService - No reviews found for postId: 152
2024-12-26T13:22:57.170+0100 WARN               [http-nio-8083-exec-1]         be.pxl.services.services.ReviewService - No reviews found for postId: 153
2024-12-26T13:22:57.196+0100 WARN               [http-nio-8083-exec-2]         be.pxl.services.services.ReviewService - No reviews found for postId: 154
2024-12-26T13:22:57.221+0100 WARN               [http-nio-8083-exec-5]         be.pxl.services.services.ReviewService - No reviews found for postId: 202
2024-12-26T13:23:03.284+0100 WARN               [http-nio-8083-exec-4]         be.pxl.services.services.ReviewService - No reviews found for postId: 152
2024-12-26T13:23:03.315+0100 WARN               [http-nio-8083-exec-6]         be.pxl.services.services.ReviewService - No reviews found for postId: 153
2024-12-26T13:23:03.346+0100 WARN               [http-nio-8083-exec-7]         be.pxl.services.services.ReviewService - No reviews found for postId: 154
2024-12-26T13:23:03.375+0100 WARN               [http-nio-8083-exec-10]        be.pxl.services.services.ReviewService - No reviews found for postId: 202
2024-12-26T13:23:07.236+0100 WARN               [http-nio-8083-exec-8]         be.pxl.services.services.ReviewService - No reviews found for postId: 152
2024-12-26T13:23:07.276+0100 WARN               [http-nio-8083-exec-1]         be.pxl.services.services.ReviewService - No reviews found for postId: 153
2024-12-26T13:23:07.307+0100 WARN               [http-nio-8083-exec-2]         be.pxl.services.services.ReviewService - No reviews found for postId: 154
2024-12-26T13:23:07.339+0100 WARN               [http-nio-8083-exec-5]         be.pxl.services.services.ReviewService - No reviews found for postId: 202
2024-12-26T13:23:13.144+0100 WARN               [http-nio-8083-exec-4]         be.pxl.services.services.ReviewService - No reviews found for postId: 152
2024-12-26T13:23:13.176+0100 WARN               [http-nio-8083-exec-6]         be.pxl.services.services.ReviewService - No reviews found for postId: 153
2024-12-26T13:23:13.203+0100 WARN               [http-nio-8083-exec-7]         be.pxl.services.services.ReviewService - No reviews found for postId: 154
2024-12-26T13:23:13.222+0100 WARN               [http-nio-8083-exec-10]        be.pxl.services.services.ReviewService - No reviews found for postId: 202
2024-12-26T13:26:17.143+0100 WARN               [http-nio-8083-exec-8]         be.pxl.services.services.ReviewService - No reviews found for postId: 152
2024-12-26T13:26:17.287+0100 WARN               [http-nio-8083-exec-1]         be.pxl.services.services.ReviewService - No reviews found for postId: 153
2024-12-26T13:26:17.796+0100 WARN               [http-nio-8083-exec-2]         be.pxl.services.services.ReviewService - No reviews found for postId: 154
2024-12-26T13:26:17.864+0100 WARN               [http-nio-8083-exec-5]         be.pxl.services.services.ReviewService - No reviews found for postId: 202
2024-12-26T13:29:19.766+0100 WARN               [http-nio-8083-exec-4]         be.pxl.services.services.ReviewService - No reviews found for postId: 152
2024-12-26T13:29:19.825+0100 WARN               [http-nio-8083-exec-6]         be.pxl.services.services.ReviewService - No reviews found for postId: 153
2024-12-26T13:29:19.871+0100 WARN               [http-nio-8083-exec-7]         be.pxl.services.services.ReviewService - No reviews found for postId: 154
2024-12-26T13:29:19.929+0100 WARN               [http-nio-8083-exec-10]        be.pxl.services.services.ReviewService - No reviews found for postId: 202
2024-12-26T13:29:22.544+0100 WARN               [http-nio-8083-exec-8]         be.pxl.services.services.ReviewService - No reviews found for postId: 152
2024-12-26T13:29:22.585+0100 WARN               [http-nio-8083-exec-1]         be.pxl.services.services.ReviewService - No reviews found for postId: 153
2024-12-26T13:29:22.624+0100 WARN               [http-nio-8083-exec-2]         be.pxl.services.services.ReviewService - No reviews found for postId: 154
2024-12-26T13:29:22.662+0100 WARN               [http-nio-8083-exec-5]         be.pxl.services.services.ReviewService - No reviews found for postId: 202
2024-12-26T13:30:24.509+0100 WARN               [http-nio-8083-exec-4]         be.pxl.services.services.ReviewService - No reviews found for postId: 152
2024-12-26T13:30:24.541+0100 WARN               [http-nio-8083-exec-6]         be.pxl.services.services.ReviewService - No reviews found for postId: 153
2024-12-26T13:30:24.573+0100 WARN               [http-nio-8083-exec-7]         be.pxl.services.services.ReviewService - No reviews found for postId: 154
2024-12-26T13:30:24.672+0100 WARN               [http-nio-8083-exec-10]        be.pxl.services.services.ReviewService - No reviews found for postId: 202
2024-12-26T13:38:42.024+0100 WARN               [http-nio-8083-exec-8]         be.pxl.services.services.ReviewService - No reviews found for postId: 152
2024-12-26T13:38:42.072+0100 WARN               [http-nio-8083-exec-1]         be.pxl.services.services.ReviewService - No reviews found for postId: 153
2024-12-26T13:38:42.113+0100 WARN               [http-nio-8083-exec-2]         be.pxl.services.services.ReviewService - No reviews found for postId: 154
2024-12-26T13:38:42.152+0100 WARN               [http-nio-8083-exec-5]         be.pxl.services.services.ReviewService - No reviews found for postId: 202
2024-12-26T13:38:59.301+0100 WARN               [http-nio-8083-exec-4]         be.pxl.services.services.ReviewService - No reviews found for postId: 152
2024-12-26T13:38:59.352+0100 WARN               [http-nio-8083-exec-6]         be.pxl.services.services.ReviewService - No reviews found for postId: 153
2024-12-26T13:38:59.393+0100 WARN               [http-nio-8083-exec-7]         be.pxl.services.services.ReviewService - No reviews found for postId: 154
2024-12-26T13:38:59.436+0100 WARN               [http-nio-8083-exec-10]        be.pxl.services.services.ReviewService - No reviews found for postId: 202
2024-12-26T13:40:07.883+0100 WARN               [http-nio-8083-exec-8]         be.pxl.services.services.ReviewService - No reviews found for postId: 152
2024-12-26T13:40:07.948+0100 WARN               [http-nio-8083-exec-1]         be.pxl.services.services.ReviewService - No reviews found for postId: 153
2024-12-26T13:40:08.091+0100 WARN               [http-nio-8083-exec-2]         be.pxl.services.services.ReviewService - No reviews found for postId: 154
2024-12-26T13:40:08.275+0100 WARN               [http-nio-8083-exec-5]         be.pxl.services.services.ReviewService - No reviews found for postId: 202
2024-12-26T13:40:09.421+0100 WARN               [http-nio-8083-exec-4]         be.pxl.services.services.ReviewService - No reviews found for postId: 152
2024-12-26T13:40:09.460+0100 WARN               [http-nio-8083-exec-6]         be.pxl.services.services.ReviewService - No reviews found for postId: 153
2024-12-26T13:40:09.506+0100 WARN               [http-nio-8083-exec-7]         be.pxl.services.services.ReviewService - No reviews found for postId: 154
2024-12-26T13:40:09.550+0100 WARN               [http-nio-8083-exec-10]        be.pxl.services.services.ReviewService - No reviews found for postId: 202
2024-12-26T13:42:35.835+0100 WARN               [http-nio-8083-exec-8]         be.pxl.services.services.ReviewService - No reviews found for postId: 152
2024-12-26T13:42:35.955+0100 WARN               [http-nio-8083-exec-1]         be.pxl.services.services.ReviewService - No reviews found for postId: 153
2024-12-26T13:42:36.048+0100 WARN               [http-nio-8083-exec-2]         be.pxl.services.services.ReviewService - No reviews found for postId: 154
2024-12-26T13:42:36.114+0100 WARN               [http-nio-8083-exec-5]         be.pxl.services.services.ReviewService - No reviews found for postId: 202
2024-12-26T13:42:42.247+0100 WARN               [http-nio-8083-exec-4]         be.pxl.services.services.ReviewService - No reviews found for postId: 152
2024-12-26T13:42:42.284+0100 WARN               [http-nio-8083-exec-6]         be.pxl.services.services.ReviewService - No reviews found for postId: 153
2024-12-26T13:42:42.319+0100 WARN               [http-nio-8083-exec-7]         be.pxl.services.services.ReviewService - No reviews found for postId: 154
2024-12-26T13:42:42.346+0100 WARN               [http-nio-8083-exec-10]        be.pxl.services.services.ReviewService - No reviews found for postId: 202
2024-12-26T13:43:28.394+0100 WARN               [http-nio-8083-exec-8]         be.pxl.services.services.ReviewService - No reviews found for postId: 152
2024-12-26T13:43:28.432+0100 WARN               [http-nio-8083-exec-1]         be.pxl.services.services.ReviewService - No reviews found for postId: 153
2024-12-26T13:43:28.468+0100 WARN               [http-nio-8083-exec-2]         be.pxl.services.services.ReviewService - No reviews found for postId: 154
2024-12-26T13:43:28.506+0100 WARN               [http-nio-8083-exec-5]         be.pxl.services.services.ReviewService - No reviews found for postId: 202
2024-12-26T13:43:34.991+0100 WARN               [http-nio-8083-exec-4]         be.pxl.services.services.ReviewService - No reviews found for postId: 152
2024-12-26T13:43:35.021+0100 WARN               [http-nio-8083-exec-6]         be.pxl.services.services.ReviewService - No reviews found for postId: 153
2024-12-26T13:43:35.045+0100 WARN               [http-nio-8083-exec-7]         be.pxl.services.services.ReviewService - No reviews found for postId: 154
2024-12-26T13:43:35.069+0100 WARN               [http-nio-8083-exec-10]        be.pxl.services.services.ReviewService - No reviews found for postId: 202
2024-12-26T13:43:53.798+0100 WARN               [http-nio-8083-exec-8]         be.pxl.services.services.ReviewService - No reviews found for postId: 152
2024-12-26T13:43:53.827+0100 WARN               [http-nio-8083-exec-1]         be.pxl.services.services.ReviewService - No reviews found for postId: 153
2024-12-26T13:43:53.865+0100 WARN               [http-nio-8083-exec-2]         be.pxl.services.services.ReviewService - No reviews found for postId: 154
2024-12-26T13:43:53.900+0100 WARN               [http-nio-8083-exec-5]         be.pxl.services.services.ReviewService - No reviews found for postId: 202
2024-12-26T13:43:59.423+0100 WARN               [http-nio-8083-exec-4]         be.pxl.services.services.ReviewService - No reviews found for postId: 152
2024-12-26T13:43:59.455+0100 WARN               [http-nio-8083-exec-6]         be.pxl.services.services.ReviewService - No reviews found for postId: 153
2024-12-26T13:43:59.484+0100 WARN               [http-nio-8083-exec-7]         be.pxl.services.services.ReviewService - No reviews found for postId: 154
2024-12-26T13:43:59.516+0100 WARN               [http-nio-8083-exec-10]        be.pxl.services.services.ReviewService - No reviews found for postId: 202
2024-12-26T13:44:03.225+0100 WARN               [http-nio-8083-exec-8]         be.pxl.services.services.ReviewService - No reviews found for postId: 152
2024-12-26T13:44:03.298+0100 WARN               [http-nio-8083-exec-1]         be.pxl.services.services.ReviewService - No reviews found for postId: 153
2024-12-26T13:44:03.363+0100 WARN               [http-nio-8083-exec-2]         be.pxl.services.services.ReviewService - No reviews found for postId: 154
2024-12-26T13:44:03.396+0100 WARN               [http-nio-8083-exec-5]         be.pxl.services.services.ReviewService - No reviews found for postId: 202
2024-12-26T13:44:09.339+0100 WARN               [http-nio-8083-exec-4]         be.pxl.services.services.ReviewService - No reviews found for postId: 152
2024-12-26T13:44:09.366+0100 WARN               [http-nio-8083-exec-6]         be.pxl.services.services.ReviewService - No reviews found for postId: 153
2024-12-26T13:44:09.388+0100 WARN               [http-nio-8083-exec-7]         be.pxl.services.services.ReviewService - No reviews found for postId: 154
2024-12-26T13:44:09.412+0100 WARN               [http-nio-8083-exec-10]        be.pxl.services.services.ReviewService - No reviews found for postId: 202
2024-12-26T13:50:52.435+0100 WARN               [http-nio-8083-exec-8]         be.pxl.services.services.ReviewService - No reviews found for postId: 152
2024-12-26T13:50:52.469+0100 WARN               [http-nio-8083-exec-1]         be.pxl.services.services.ReviewService - No reviews found for postId: 153
2024-12-26T13:50:52.512+0100 WARN               [http-nio-8083-exec-2]         be.pxl.services.services.ReviewService - No reviews found for postId: 154
2024-12-26T13:50:52.548+0100 WARN               [http-nio-8083-exec-5]         be.pxl.services.services.ReviewService - No reviews found for postId: 202
2024-12-26T13:50:56.519+0100 WARN               [http-nio-8083-exec-4]         be.pxl.services.services.ReviewService - No reviews found for postId: 152
2024-12-26T13:50:56.556+0100 WARN               [http-nio-8083-exec-6]         be.pxl.services.services.ReviewService - No reviews found for postId: 153
2024-12-26T13:50:56.586+0100 WARN               [http-nio-8083-exec-7]         be.pxl.services.services.ReviewService - No reviews found for postId: 154
2024-12-26T13:50:56.621+0100 WARN               [http-nio-8083-exec-10]        be.pxl.services.services.ReviewService - No reviews found for postId: 202
2024-12-26T13:50:58.056+0100 WARN               [http-nio-8083-exec-9]         be.pxl.services.services.ReviewService - No reviews found for postId: 202
2024-12-26T13:50:58.116+0100 WARN               [http-nio-8083-exec-8]         be.pxl.services.services.ReviewService - No reviews found for postId: 202
2024-12-26T13:51:01.461+0100 WARN               [http-nio-8083-exec-1]         be.pxl.services.services.ReviewService - No reviews found for postId: 202
2024-12-26T13:51:01.603+0100 WARN               [http-nio-8083-exec-5]         be.pxl.services.services.ReviewService - No reviews found for postId: 152
2024-12-26T13:51:01.627+0100 WARN               [http-nio-8083-exec-3]         be.pxl.services.services.ReviewService - No reviews found for postId: 153
2024-12-26T13:51:01.652+0100 WARN               [http-nio-8083-exec-4]         be.pxl.services.services.ReviewService - No reviews found for postId: 154
2024-12-26T13:51:01.683+0100 WARN               [http-nio-8083-exec-6]         be.pxl.services.services.ReviewService - No reviews found for postId: 202
2024-12-26T13:51:06.321+0100 WARN               [http-nio-8083-exec-7]         be.pxl.services.services.ReviewService - No reviews found for postId: 153
2024-12-26T13:51:06.388+0100 WARN               [http-nio-8083-exec-10]        be.pxl.services.services.ReviewService - No reviews found for postId: 153
2024-12-26T13:51:09.786+0100 WARN               [http-nio-8083-exec-9]         be.pxl.services.services.ReviewService - No reviews found for postId: 153
2024-12-26T13:51:09.908+0100 WARN               [http-nio-8083-exec-1]         be.pxl.services.services.ReviewService - No reviews found for postId: 152
2024-12-26T13:51:09.931+0100 WARN               [http-nio-8083-exec-2]         be.pxl.services.services.ReviewService - No reviews found for postId: 153
2024-12-26T13:51:09.950+0100 WARN               [http-nio-8083-exec-5]         be.pxl.services.services.ReviewService - No reviews found for postId: 154
2024-12-26T13:51:09.972+0100 WARN               [http-nio-8083-exec-3]         be.pxl.services.services.ReviewService - No reviews found for postId: 202
2024-12-26T13:51:11.374+0100 WARN               [http-nio-8083-exec-6]         be.pxl.services.services.ReviewService - No reviews found for postId: 152
2024-12-26T13:51:11.396+0100 WARN               [http-nio-8083-exec-7]         be.pxl.services.services.ReviewService - No reviews found for postId: 153
2024-12-26T13:51:11.416+0100 WARN               [http-nio-8083-exec-10]        be.pxl.services.services.ReviewService - No reviews found for postId: 154
2024-12-26T13:51:11.435+0100 WARN               [http-nio-8083-exec-9]         be.pxl.services.services.ReviewService - No reviews found for postId: 202
2024-12-26T13:51:51.311+0100 WARN               [http-nio-8083-exec-8]         be.pxl.services.services.ReviewService - No reviews found for postId: 153
2024-12-26T13:51:51.379+0100 WARN               [http-nio-8083-exec-1]         be.pxl.services.services.ReviewService - No reviews found for postId: 153
2024-12-26T13:51:54.162+0100 WARN               [http-nio-8083-exec-2]         be.pxl.services.services.ReviewService - No reviews found for postId: 153
2024-12-26T13:51:54.284+0100 WARN               [http-nio-8083-exec-3]         be.pxl.services.services.ReviewService - No reviews found for postId: 152
2024-12-26T13:51:54.309+0100 WARN               [http-nio-8083-exec-4]         be.pxl.services.services.ReviewService - No reviews found for postId: 153
2024-12-26T13:51:54.328+0100 WARN               [http-nio-8083-exec-6]         be.pxl.services.services.ReviewService - No reviews found for postId: 154
2024-12-26T13:51:54.348+0100 WARN               [http-nio-8083-exec-7]         be.pxl.services.services.ReviewService - No reviews found for postId: 202
2024-12-26T13:51:56.456+0100 WARN               [http-nio-8083-exec-9]         be.pxl.services.services.ReviewService - No reviews found for postId: 152
2024-12-26T13:51:56.489+0100 WARN               [http-nio-8083-exec-8]         be.pxl.services.services.ReviewService - No reviews found for postId: 153
2024-12-26T13:51:56.518+0100 WARN               [http-nio-8083-exec-1]         be.pxl.services.services.ReviewService - No reviews found for postId: 154
2024-12-26T13:51:56.550+0100 WARN               [http-nio-8083-exec-2]         be.pxl.services.services.ReviewService - No reviews found for postId: 202
2024-12-26T13:52:00.417+0100 WARN               [http-nio-8083-exec-5]         be.pxl.services.services.ReviewService - No reviews found for postId: 202
2024-12-26T13:52:00.465+0100 WARN               [http-nio-8083-exec-3]         be.pxl.services.services.ReviewService - No reviews found for postId: 202
2024-12-26T13:52:04.653+0100 WARN               [http-nio-8083-exec-4]         be.pxl.services.services.ReviewService - No reviews found for postId: 202
2024-12-26T13:52:04.775+0100 WARN               [http-nio-8083-exec-7]         be.pxl.services.services.ReviewService - No reviews found for postId: 152
2024-12-26T13:52:04.798+0100 WARN               [http-nio-8083-exec-10]        be.pxl.services.services.ReviewService - No reviews found for postId: 153
2024-12-26T13:52:04.818+0100 WARN               [http-nio-8083-exec-9]         be.pxl.services.services.ReviewService - No reviews found for postId: 154
2024-12-26T13:52:04.839+0100 WARN               [http-nio-8083-exec-8]         be.pxl.services.services.ReviewService - No reviews found for postId: 202
2024-12-26T13:52:09.635+0100 WARN               [http-nio-8083-exec-2]         be.pxl.services.services.ReviewService - No reviews found for postId: 152
2024-12-26T13:52:09.659+0100 WARN               [http-nio-8083-exec-5]         be.pxl.services.services.ReviewService - No reviews found for postId: 153
2024-12-26T13:52:09.679+0100 WARN               [http-nio-8083-exec-3]         be.pxl.services.services.ReviewService - No reviews found for postId: 154
2024-12-26T13:52:09.743+0100 WARN               [http-nio-8083-exec-4]         be.pxl.services.services.ReviewService - No reviews found for postId: 202
2024-12-26T13:53:13.368+0100 WARN               [http-nio-8083-exec-7]         be.pxl.services.services.ReviewService - No reviews found for postId: 152
2024-12-26T13:53:13.405+0100 WARN               [http-nio-8083-exec-10]        be.pxl.services.services.ReviewService - No reviews found for postId: 153
2024-12-26T13:53:13.432+0100 WARN               [http-nio-8083-exec-9]         be.pxl.services.services.ReviewService - No reviews found for postId: 154
2024-12-26T13:53:13.470+0100 WARN               [http-nio-8083-exec-8]         be.pxl.services.services.ReviewService - No reviews found for postId: 202
2024-12-26T13:53:15.525+0100 WARN               [http-nio-8083-exec-2]         be.pxl.services.services.ReviewService - No reviews found for postId: 152
2024-12-26T13:53:15.548+0100 WARN               [http-nio-8083-exec-5]         be.pxl.services.services.ReviewService - No reviews found for postId: 153
2024-12-26T13:53:15.567+0100 WARN               [http-nio-8083-exec-3]         be.pxl.services.services.ReviewService - No reviews found for postId: 154
2024-12-26T13:53:15.587+0100 WARN               [http-nio-8083-exec-4]         be.pxl.services.services.ReviewService - No reviews found for postId: 202
2024-12-26T13:53:39.091+0100 WARN               [http-nio-8083-exec-7]         be.pxl.services.services.ReviewService - No reviews found for postId: 152
2024-12-26T13:53:39.129+0100 WARN               [http-nio-8083-exec-10]        be.pxl.services.services.ReviewService - No reviews found for postId: 153
2024-12-26T13:53:39.160+0100 WARN               [http-nio-8083-exec-9]         be.pxl.services.services.ReviewService - No reviews found for postId: 154
2024-12-26T13:53:39.190+0100 WARN               [http-nio-8083-exec-8]         be.pxl.services.services.ReviewService - No reviews found for postId: 202
2024-12-26T13:53:47.554+0100 WARN               [http-nio-8083-exec-2]         be.pxl.services.services.ReviewService - No reviews found for postId: 152
2024-12-26T13:53:47.592+0100 WARN               [http-nio-8083-exec-5]         be.pxl.services.services.ReviewService - No reviews found for postId: 153
2024-12-26T13:53:47.626+0100 WARN               [http-nio-8083-exec-3]         be.pxl.services.services.ReviewService - No reviews found for postId: 154
2024-12-26T13:53:47.660+0100 WARN               [http-nio-8083-exec-4]         be.pxl.services.services.ReviewService - No reviews found for postId: 202
2024-12-26T13:53:59.576+0100 WARN               [http-nio-8083-exec-7]         be.pxl.services.services.ReviewService - No reviews found for postId: 152
2024-12-26T13:53:59.609+0100 WARN               [http-nio-8083-exec-10]        be.pxl.services.services.ReviewService - No reviews found for postId: 153
2024-12-26T13:53:59.638+0100 WARN               [http-nio-8083-exec-9]         be.pxl.services.services.ReviewService - No reviews found for postId: 154
2024-12-26T13:53:59.663+0100 WARN               [http-nio-8083-exec-8]         be.pxl.services.services.ReviewService - No reviews found for postId: 202
2024-12-26T13:54:12.488+0100 WARN               [http-nio-8083-exec-2]         be.pxl.services.services.ReviewService - No reviews found for postId: 152
2024-12-26T13:54:12.528+0100 WARN               [http-nio-8083-exec-5]         be.pxl.services.services.ReviewService - No reviews found for postId: 153
2024-12-26T13:54:12.562+0100 WARN               [http-nio-8083-exec-3]         be.pxl.services.services.ReviewService - No reviews found for postId: 154
2024-12-26T13:54:12.597+0100 WARN               [http-nio-8083-exec-4]         be.pxl.services.services.ReviewService - No reviews found for postId: 202
2024-12-26T13:54:16.612+0100 WARN               [http-nio-8083-exec-7]         be.pxl.services.services.ReviewService - No reviews found for postId: 152
2024-12-26T13:54:16.650+0100 WARN               [http-nio-8083-exec-10]        be.pxl.services.services.ReviewService - No reviews found for postId: 153
2024-12-26T13:54:16.679+0100 WARN               [http-nio-8083-exec-9]         be.pxl.services.services.ReviewService - No reviews found for postId: 154
2024-12-26T13:54:16.700+0100 WARN               [http-nio-8083-exec-8]         be.pxl.services.services.ReviewService - No reviews found for postId: 202
2024-12-26T13:54:25.741+0100 WARN               [http-nio-8083-exec-2]         be.pxl.services.services.ReviewService - No reviews found for postId: 152
2024-12-26T13:54:25.771+0100 WARN               [http-nio-8083-exec-5]         be.pxl.services.services.ReviewService - No reviews found for postId: 153
2024-12-26T13:54:25.799+0100 WARN               [http-nio-8083-exec-3]         be.pxl.services.services.ReviewService - No reviews found for postId: 154
2024-12-26T13:54:25.819+0100 WARN               [http-nio-8083-exec-4]         be.pxl.services.services.ReviewService - No reviews found for postId: 202
2024-12-26T13:54:50.454+0100 WARN               [http-nio-8083-exec-7]         be.pxl.services.services.ReviewService - No reviews found for postId: 152
2024-12-26T13:54:50.556+0100 WARN               [http-nio-8083-exec-10]        be.pxl.services.services.ReviewService - No reviews found for postId: 153
2024-12-26T13:54:50.622+0100 WARN               [http-nio-8083-exec-9]         be.pxl.services.services.ReviewService - No reviews found for postId: 154
2024-12-26T13:54:50.666+0100 WARN               [http-nio-8083-exec-8]         be.pxl.services.services.ReviewService - No reviews found for postId: 202
2024-12-26T13:55:00.795+0100 WARN               [http-nio-8083-exec-2]         be.pxl.services.services.ReviewService - No reviews found for postId: 152
2024-12-26T13:55:00.830+0100 WARN               [http-nio-8083-exec-5]         be.pxl.services.services.ReviewService - No reviews found for postId: 153
2024-12-26T13:55:00.865+0100 WARN               [http-nio-8083-exec-3]         be.pxl.services.services.ReviewService - No reviews found for postId: 154
2024-12-26T13:55:00.899+0100 WARN               [http-nio-8083-exec-4]         be.pxl.services.services.ReviewService - No reviews found for postId: 202
2024-12-26T13:55:04.693+0100 WARN               [http-nio-8083-exec-7]         be.pxl.services.services.ReviewService - No reviews found for postId: 152
2024-12-26T13:55:04.732+0100 WARN               [http-nio-8083-exec-10]        be.pxl.services.services.ReviewService - No reviews found for postId: 153
2024-12-26T13:55:04.755+0100 WARN               [http-nio-8083-exec-9]         be.pxl.services.services.ReviewService - No reviews found for postId: 154
2024-12-26T13:55:04.776+0100 WARN               [http-nio-8083-exec-8]         be.pxl.services.services.ReviewService - No reviews found for postId: 202
2024-12-26T13:55:06.865+0100 WARN               [http-nio-8083-exec-2]         be.pxl.services.services.ReviewService - No reviews found for postId: 152
2024-12-26T13:55:06.901+0100 WARN               [http-nio-8083-exec-5]         be.pxl.services.services.ReviewService - No reviews found for postId: 153
2024-12-26T13:55:06.930+0100 WARN               [http-nio-8083-exec-3]         be.pxl.services.services.ReviewService - No reviews found for postId: 154
2024-12-26T13:55:06.962+0100 WARN               [http-nio-8083-exec-4]         be.pxl.services.services.ReviewService - No reviews found for postId: 202
2024-12-26T13:55:13.264+0100 WARN               [http-nio-8083-exec-6]         be.pxl.services.services.ReviewService - No reviews found for postId: 202
2024-12-26T13:55:13.317+0100 WARN               [http-nio-8083-exec-7]         be.pxl.services.services.ReviewService - No reviews found for postId: 202
2024-12-26T13:55:15.523+0100 WARN               [http-nio-8083-exec-9]         be.pxl.services.services.ReviewService - No reviews found for postId: 152
2024-12-26T13:55:15.541+0100 WARN               [http-nio-8083-exec-8]         be.pxl.services.services.ReviewService - No reviews found for postId: 153
2024-12-26T13:55:15.559+0100 WARN               [http-nio-8083-exec-1]         be.pxl.services.services.ReviewService - No reviews found for postId: 154
2024-12-26T13:55:15.578+0100 WARN               [http-nio-8083-exec-2]         be.pxl.services.services.ReviewService - No reviews found for postId: 202
2024-12-26T13:59:57.983+0100 WARN               [http-nio-8083-exec-3]         be.pxl.services.services.ReviewService - No reviews found for postId: 152
2024-12-26T13:59:58.002+0100 WARN               [http-nio-8083-exec-4]         be.pxl.services.services.ReviewService - No reviews found for postId: 153
2024-12-26T13:59:58.023+0100 WARN               [http-nio-8083-exec-6]         be.pxl.services.services.ReviewService - No reviews found for postId: 154
2024-12-26T13:59:58.044+0100 WARN               [http-nio-8083-exec-7]         be.pxl.services.services.ReviewService - No reviews found for postId: 202
2024-12-26T13:59:59.624+0100 WARN               [http-nio-8083-exec-9]         be.pxl.services.services.ReviewService - No reviews found for postId: 152
2024-12-26T13:59:59.655+0100 WARN               [http-nio-8083-exec-8]         be.pxl.services.services.ReviewService - No reviews found for postId: 153
2024-12-26T13:59:59.682+0100 WARN               [http-nio-8083-exec-1]         be.pxl.services.services.ReviewService - No reviews found for postId: 154
2024-12-26T13:59:59.705+0100 WARN               [http-nio-8083-exec-2]         be.pxl.services.services.ReviewService - No reviews found for postId: 202
2024-12-26T14:00:00.112+0100 WARN               [http-nio-8083-exec-3]         be.pxl.services.services.ReviewService - No reviews found for postId: 152
2024-12-26T14:00:00.134+0100 WARN               [http-nio-8083-exec-4]         be.pxl.services.services.ReviewService - No reviews found for postId: 153
2024-12-26T14:00:00.154+0100 WARN               [http-nio-8083-exec-6]         be.pxl.services.services.ReviewService - No reviews found for postId: 154
2024-12-26T14:00:00.173+0100 WARN               [http-nio-8083-exec-7]         be.pxl.services.services.ReviewService - No reviews found for postId: 202
2024-12-26T14:00:01.794+0100 WARN               [http-nio-8083-exec-9]         be.pxl.services.services.ReviewService - No reviews found for postId: 152
2024-12-26T14:00:01.815+0100 WARN               [http-nio-8083-exec-8]         be.pxl.services.services.ReviewService - No reviews found for postId: 153
2024-12-26T14:00:01.835+0100 WARN               [http-nio-8083-exec-1]         be.pxl.services.services.ReviewService - No reviews found for postId: 154
2024-12-26T14:00:01.856+0100 WARN               [http-nio-8083-exec-2]         be.pxl.services.services.ReviewService - No reviews found for postId: 202
2024-12-26T14:00:16.731+0100 WARN               [http-nio-8083-exec-5]         be.pxl.services.services.ReviewService - No reviews found for postId: 202
2024-12-26T14:00:16.810+0100 WARN               [http-nio-8083-exec-3]         be.pxl.services.services.ReviewService - No reviews found for postId: 202
