2024-12-28T15:12:37.431+0100 INFO               [main]                         be.pxl.services.ReviewServiceApplicationTests - Starting ReviewServiceApplicationTests using Java 21.0.1 with PID 22616 (started by Ozkan in C:\School\FullStackJavaProject\project-Ozkanhlm\backend-java\ContentbeheerSevices\review-service)
2024-12-28T15:12:37.435+0100 DEBUG              [main]                         be.pxl.services.ReviewServiceApplicationTests - Running with Spring Boot v3.3.5, Spring v6.1.14
2024-12-28T15:12:37.436+0100 INFO               [main]                         be.pxl.services.ReviewServiceApplicationTests - No active profile set, falling back to 1 default profile: "default"
2024-12-28T15:12:54.548+0100 INFO               [main]                         be.pxl.services.ReviewServiceApplicationTests - Started ReviewServiceApplicationTests in 21.992 seconds (process running for 49.302)
2024-12-28T15:12:56.254+0100 INFO               [main]                         be.pxl.services.services.ReviewService - Added Review: Review(id=1, reviewStatus=APPROVED, reviewMessage=This is a great post!, postId=1)
2024-12-28T15:23:26.054+0100 INFO               [main]                         be.pxl.services.ReviewServiceApplicationTests - Starting ReviewServiceApplicationTests using Java 21.0.1 with PID 15464 (started by Ozkan in C:\School\FullStackJavaProject\project-Ozkanhlm\backend-java\ContentbeheerSevices\review-service)
2024-12-28T15:23:26.068+0100 DEBUG              [main]                         be.pxl.services.ReviewServiceApplicationTests - Running with Spring Boot v3.3.5, Spring v6.1.14
2024-12-28T15:23:26.069+0100 INFO               [main]                         be.pxl.services.ReviewServiceApplicationTests - No active profile set, falling back to 1 default profile: "default"
2024-12-28T15:23:46.205+0100 INFO               [main]                         be.pxl.services.ReviewServiceApplicationTests - Started ReviewServiceApplicationTests in 23.914 seconds (process running for 50.64)
2024-12-28T15:23:48.997+0100 INFO               [main]                         be.pxl.services.services.ReviewService - Added Review: Review(id=3, reviewStatus=APPROVED, reviewMessage=This is a great post!, postId=1)
2024-12-28T15:23:49.630+0100 INFO               [main]                         be.pxl.services.services.ReviewService - Deleted Reviews: [Review(id=4, reviewStatus=APPROVED, reviewMessage=Review 1, postId=1), Review(id=5, reviewStatus=REJECTED, reviewMessage=Review 2, postId=1)]
2024-12-28T15:29:49.714+0100 INFO               [main]                         be.pxl.services.ReviewServiceApplicationTests - Starting ReviewServiceApplicationTests using Java 21.0.1 with PID 47088 (started by Ozkan in C:\School\FullStackJavaProject\project-Ozkanhlm\backend-java\ContentbeheerSevices\review-service)
2024-12-28T15:29:49.721+0100 DEBUG              [main]                         be.pxl.services.ReviewServiceApplicationTests - Running with Spring Boot v3.3.5, Spring v6.1.14
2024-12-28T15:29:49.722+0100 INFO               [main]                         be.pxl.services.ReviewServiceApplicationTests - No active profile set, falling back to 1 default profile: "default"
2024-12-28T15:30:09.030+0100 INFO               [main]                         be.pxl.services.ReviewServiceApplicationTests - Started ReviewServiceApplicationTests in 24.601 seconds (process running for 52.788)
2024-12-28T15:30:11.262+0100 INFO               [main]                         be.pxl.services.services.ReviewService - Added Review: Review(id=5, reviewStatus=APPROVED, reviewMessage=This is a great post!, postId=1)
2024-12-28T15:30:11.725+0100 INFO               [main]                         be.pxl.services.services.ReviewService - Deleted Reviews: [Review(id=6, reviewStatus=APPROVED, reviewMessage=Review 1, postId=1), Review(id=7, reviewStatus=REJECTED, reviewMessage=Review 2, postId=1)]
2024-12-28T16:59:31.122+0100 INFO               [main]                         be.pxl.services.ReviewServiceApplicationTests - Starting ReviewServiceApplicationTests using Java 21.0.1 with PID 3780 (started by Ozkan in C:\School\FullStackJavaProject\project-Ozkanhlm\backend-java\ContentbeheerSevices\review-service)
2024-12-28T16:59:31.130+0100 DEBUG              [main]                         be.pxl.services.ReviewServiceApplicationTests - Running with Spring Boot v3.3.5, Spring v6.1.14
2024-12-28T16:59:31.131+0100 INFO               [main]                         be.pxl.services.ReviewServiceApplicationTests - No active profile set, falling back to 1 default profile: "default"
2024-12-28T16:59:48.525+0100 INFO               [main]                         be.pxl.services.ReviewServiceApplicationTests - Started ReviewServiceApplicationTests in 21.063 seconds (process running for 56.975)
2024-12-28T16:59:50.985+0100 INFO               [main]                         be.pxl.services.services.ReviewService - Added Review: Review(id=5, reviewStatus=APPROVED, reviewMessage=This is a great post!, postId=1)
2024-12-28T16:59:51.384+0100 INFO               [main]                         be.pxl.services.services.ReviewService - Deleted Reviews: [Review(id=6, reviewStatus=APPROVED, reviewMessage=Review 1, postId=1), Review(id=7, reviewStatus=REJECTED, reviewMessage=Review 2, postId=1)]
2024-12-28T17:54:20.421+0100 INFO               [main]                         be.pxl.services.ReviewServiceApplicationTests - Starting ReviewServiceApplicationTests using Java 21.0.1 with PID 45264 (started by Ozkan in C:\School\FullStackJavaProject\project-Ozkanhlm\backend-java\ContentbeheerSevices\review-service)
2024-12-28T17:54:20.423+0100 DEBUG              [main]                         be.pxl.services.ReviewServiceApplicationTests - Running with Spring Boot v3.3.5, Spring v6.1.14
2024-12-28T17:54:20.424+0100 INFO               [main]                         be.pxl.services.ReviewServiceApplicationTests - No active profile set, falling back to 1 default profile: "default"
2024-12-28T17:54:32.967+0100 INFO               [main]                         be.pxl.services.ReviewServiceApplicationTests - Started ReviewServiceApplicationTests in 15.356 seconds (process running for 35.719)
2024-12-28T17:54:35.132+0100 INFO               [main]                         be.pxl.services.services.ReviewService - Added Review: Review(id=5, reviewStatus=APPROVED, reviewMessage=This is a great post!, postId=1)
2024-12-28T17:54:35.417+0100 INFO               [main]                         be.pxl.services.services.ReviewService - Deleted Reviews: [Review(id=6, reviewStatus=APPROVED, reviewMessage=Review 1, postId=1), Review(id=7, reviewStatus=REJECTED, reviewMessage=Review 2, postId=1)]
2024-12-28T19:15:28.825+0100 INFO               [main]                         be.pxl.services.ReviewServiceApplicationTests - Starting ReviewServiceApplicationTests using Java 21.0.1 with PID 29972 (started by Ozkan in C:\School\FullStackJavaProject\project-Ozkanhlm\backend-java\ContentbeheerSevices\review-service)
2024-12-28T19:15:28.828+0100 DEBUG              [main]                         be.pxl.services.ReviewServiceApplicationTests - Running with Spring Boot v3.3.5, Spring v6.1.14
2024-12-28T19:15:28.830+0100 INFO               [main]                         be.pxl.services.ReviewServiceApplicationTests - No active profile set, falling back to 1 default profile: "default"
2024-12-28T19:15:46.622+0100 INFO               [main]                         be.pxl.services.ReviewServiceApplicationTests - Started ReviewServiceApplicationTests in 21.757 seconds (process running for 55.164)
2024-12-28T19:15:48.872+0100 INFO               [main]                         be.pxl.services.services.ReviewService - Added Review: Review(id=5, reviewStatus=APPROVED, reviewMessage=This is a great post!, postId=1)
2024-12-28T19:15:49.354+0100 INFO               [main]                         be.pxl.services.services.ReviewService - Deleted Reviews: [Review(id=6, reviewStatus=APPROVED, reviewMessage=Review 1, postId=1), Review(id=7, reviewStatus=REJECTED, reviewMessage=Review 2, postId=1)]
