2024-12-26T13:07:46.532+0100 INFO               [main]                         be.pxl.services.CommentServiceApplication - Starting CommentServiceApplication using Java 21.0.1 with PID 42004 (C:\School\FullStackJavaProject\project-Ozkanhlm\backend-java\ContentbeheerSevices\comment-service\target\classes started by Ozkan in C:\School\FullStackJavaProject\project-Ozkanhlm\backend-java\ContentbeheerSevices)
2024-12-26T13:07:46.535+0100 DEBUG              [main]                         be.pxl.services.CommentServiceApplication - Running with Spring Boot v3.3.5, Spring v6.1.14
2024-12-26T13:07:46.536+0100 INFO               [main]                         be.pxl.services.CommentServiceApplication - No active profile set, falling back to 1 default profile: "default"
2024-12-26T13:07:57.942+0100 INFO               [main]                         be.pxl.services.CommentServiceApplication - Started CommentServiceApplication in 14.456 seconds (process running for 15.881)
2024-12-26T13:08:14.375+0100 WARN               [http-nio-8084-exec-2]         be.pxl.services.services.CommentService - No comments found for postId: 152
2024-12-26T13:08:14.670+0100 WARN               [http-nio-8084-exec-3]         be.pxl.services.services.CommentService - No comments found for postId: 153
2024-12-26T13:08:14.706+0100 WARN               [http-nio-8084-exec-4]         be.pxl.services.services.CommentService - No comments found for postId: 154
2024-12-26T13:08:23.693+0100 WARN               [http-nio-8084-exec-6]         be.pxl.services.services.CommentService - No comments found for postId: 152
2024-12-26T13:08:23.724+0100 WARN               [http-nio-8084-exec-7]         be.pxl.services.services.CommentService - No comments found for postId: 153
2024-12-26T13:08:23.750+0100 WARN               [http-nio-8084-exec-8]         be.pxl.services.services.CommentService - No comments found for postId: 154
2024-12-26T13:10:34.964+0100 WARN               [http-nio-8084-exec-9]         be.pxl.services.services.CommentService - No comments found for postId: 154
2024-12-26T13:10:35.074+0100 WARN               [http-nio-8084-exec-10]        be.pxl.services.services.CommentService - No comments found for postId: 154
2024-12-26T13:10:38.033+0100 WARN               [http-nio-8084-exec-2]         be.pxl.services.services.CommentService - No comments found for postId: 152
2024-12-26T13:10:38.058+0100 WARN               [http-nio-8084-exec-3]         be.pxl.services.services.CommentService - No comments found for postId: 153
2024-12-26T13:10:38.087+0100 WARN               [http-nio-8084-exec-4]         be.pxl.services.services.CommentService - No comments found for postId: 154
2024-12-26T13:10:58.066+0100 WARN               [http-nio-8084-exec-6]         be.pxl.services.services.CommentService - No comments found for postId: 152
2024-12-26T13:10:58.089+0100 WARN               [http-nio-8084-exec-7]         be.pxl.services.services.CommentService - No comments found for postId: 153
2024-12-26T13:10:58.114+0100 WARN               [http-nio-8084-exec-8]         be.pxl.services.services.CommentService - No comments found for postId: 154
2024-12-26T13:11:37.915+0100 WARN               [http-nio-8084-exec-10]        be.pxl.services.services.CommentService - No comments found for postId: 152
2024-12-26T13:11:37.961+0100 WARN               [http-nio-8084-exec-1]         be.pxl.services.services.CommentService - No comments found for postId: 153
2024-12-26T13:11:38.007+0100 WARN               [http-nio-8084-exec-2]         be.pxl.services.services.CommentService - No comments found for postId: 154
2024-12-26T13:11:38.039+0100 WARN               [http-nio-8084-exec-3]         be.pxl.services.services.CommentService - No comments found for postId: 202
2024-12-26T13:12:38.496+0100 WARN               [http-nio-8084-exec-5]         be.pxl.services.services.CommentService - No comments found for postId: 152
2024-12-26T13:12:38.530+0100 WARN               [http-nio-8084-exec-6]         be.pxl.services.services.CommentService - No comments found for postId: 153
2024-12-26T13:12:38.561+0100 WARN               [http-nio-8084-exec-7]         be.pxl.services.services.CommentService - No comments found for postId: 154
2024-12-26T13:12:38.593+0100 WARN               [http-nio-8084-exec-8]         be.pxl.services.services.CommentService - No comments found for postId: 202
2024-12-26T13:12:47.823+0100 WARN               [http-nio-8084-exec-10]        be.pxl.services.services.CommentService - No comments found for postId: 152
2024-12-26T13:12:47.854+0100 WARN               [http-nio-8084-exec-1]         be.pxl.services.services.CommentService - No comments found for postId: 153
2024-12-26T13:12:47.894+0100 WARN               [http-nio-8084-exec-2]         be.pxl.services.services.CommentService - No comments found for postId: 154
2024-12-26T13:12:47.930+0100 WARN               [http-nio-8084-exec-3]         be.pxl.services.services.CommentService - No comments found for postId: 202
2024-12-26T13:12:51.220+0100 WARN               [http-nio-8084-exec-5]         be.pxl.services.services.CommentService - No comments found for postId: 152
2024-12-26T13:12:51.250+0100 WARN               [http-nio-8084-exec-6]         be.pxl.services.services.CommentService - No comments found for postId: 153
2024-12-26T13:12:51.279+0100 WARN               [http-nio-8084-exec-7]         be.pxl.services.services.CommentService - No comments found for postId: 154
2024-12-26T13:12:51.305+0100 WARN               [http-nio-8084-exec-8]         be.pxl.services.services.CommentService - No comments found for postId: 202
2024-12-26T13:13:02.607+0100 WARN               [http-nio-8084-exec-10]        be.pxl.services.services.CommentService - No comments found for postId: 152
2024-12-26T13:13:02.640+0100 WARN               [http-nio-8084-exec-1]         be.pxl.services.services.CommentService - No comments found for postId: 153
2024-12-26T13:13:02.679+0100 WARN               [http-nio-8084-exec-2]         be.pxl.services.services.CommentService - No comments found for postId: 154
2024-12-26T13:13:02.712+0100 WARN               [http-nio-8084-exec-3]         be.pxl.services.services.CommentService - No comments found for postId: 202
2024-12-26T13:19:20.304+0100 WARN               [http-nio-8084-exec-5]         be.pxl.services.services.CommentService - No comments found for postId: 152
2024-12-26T13:19:20.352+0100 WARN               [http-nio-8084-exec-6]         be.pxl.services.services.CommentService - No comments found for postId: 153
2024-12-26T13:19:20.389+0100 WARN               [http-nio-8084-exec-7]         be.pxl.services.services.CommentService - No comments found for postId: 154
2024-12-26T13:19:20.424+0100 WARN               [http-nio-8084-exec-8]         be.pxl.services.services.CommentService - No comments found for postId: 202
2024-12-26T13:19:25.589+0100 WARN               [http-nio-8084-exec-10]        be.pxl.services.services.CommentService - No comments found for postId: 152
2024-12-26T13:19:25.639+0100 WARN               [http-nio-8084-exec-1]         be.pxl.services.services.CommentService - No comments found for postId: 153
2024-12-26T13:19:25.686+0100 WARN               [http-nio-8084-exec-2]         be.pxl.services.services.CommentService - No comments found for postId: 154
2024-12-26T13:19:25.769+0100 WARN               [http-nio-8084-exec-3]         be.pxl.services.services.CommentService - No comments found for postId: 202
2024-12-26T13:19:52.624+0100 WARN               [http-nio-8084-exec-5]         be.pxl.services.services.CommentService - No comments found for postId: 152
2024-12-26T13:19:52.666+0100 WARN               [http-nio-8084-exec-6]         be.pxl.services.services.CommentService - No comments found for postId: 153
2024-12-26T13:19:52.700+0100 WARN               [http-nio-8084-exec-7]         be.pxl.services.services.CommentService - No comments found for postId: 154
2024-12-26T13:19:52.732+0100 WARN               [http-nio-8084-exec-8]         be.pxl.services.services.CommentService - No comments found for postId: 202
2024-12-26T13:19:57.169+0100 WARN               [http-nio-8084-exec-10]        be.pxl.services.services.CommentService - No comments found for postId: 152
2024-12-26T13:19:57.207+0100 WARN               [http-nio-8084-exec-1]         be.pxl.services.services.CommentService - No comments found for postId: 153
2024-12-26T13:19:57.236+0100 WARN               [http-nio-8084-exec-2]         be.pxl.services.services.CommentService - No comments found for postId: 154
2024-12-26T13:19:57.263+0100 WARN               [http-nio-8084-exec-3]         be.pxl.services.services.CommentService - No comments found for postId: 202
2024-12-26T13:20:10.343+0100 WARN               [http-nio-8084-exec-5]         be.pxl.services.services.CommentService - No comments found for postId: 152
2024-12-26T13:20:10.384+0100 WARN               [http-nio-8084-exec-6]         be.pxl.services.services.CommentService - No comments found for postId: 153
2024-12-26T13:20:10.413+0100 WARN               [http-nio-8084-exec-7]         be.pxl.services.services.CommentService - No comments found for postId: 154
2024-12-26T13:20:10.439+0100 WARN               [http-nio-8084-exec-8]         be.pxl.services.services.CommentService - No comments found for postId: 202
2024-12-26T13:20:13.114+0100 WARN               [http-nio-8084-exec-10]        be.pxl.services.services.CommentService - No comments found for postId: 152
2024-12-26T13:20:13.153+0100 WARN               [http-nio-8084-exec-1]         be.pxl.services.services.CommentService - No comments found for postId: 153
2024-12-26T13:20:13.185+0100 WARN               [http-nio-8084-exec-2]         be.pxl.services.services.CommentService - No comments found for postId: 154
2024-12-26T13:20:13.212+0100 WARN               [http-nio-8084-exec-3]         be.pxl.services.services.CommentService - No comments found for postId: 202
2024-12-26T13:20:16.120+0100 WARN               [http-nio-8084-exec-5]         be.pxl.services.services.CommentService - No comments found for postId: 152
2024-12-26T13:20:16.161+0100 WARN               [http-nio-8084-exec-6]         be.pxl.services.services.CommentService - No comments found for postId: 153
2024-12-26T13:20:16.196+0100 WARN               [http-nio-8084-exec-7]         be.pxl.services.services.CommentService - No comments found for postId: 154
2024-12-26T13:20:16.224+0100 WARN               [http-nio-8084-exec-8]         be.pxl.services.services.CommentService - No comments found for postId: 202
2024-12-26T13:20:19.133+0100 WARN               [http-nio-8084-exec-10]        be.pxl.services.services.CommentService - No comments found for postId: 152
2024-12-26T13:20:19.175+0100 WARN               [http-nio-8084-exec-1]         be.pxl.services.services.CommentService - No comments found for postId: 153
2024-12-26T13:20:19.207+0100 WARN               [http-nio-8084-exec-2]         be.pxl.services.services.CommentService - No comments found for postId: 154
2024-12-26T13:20:19.234+0100 WARN               [http-nio-8084-exec-3]         be.pxl.services.services.CommentService - No comments found for postId: 202
2024-12-26T13:20:26.272+0100 WARN               [http-nio-8084-exec-5]         be.pxl.services.services.CommentService - No comments found for postId: 152
2024-12-26T13:20:26.299+0100 WARN               [http-nio-8084-exec-6]         be.pxl.services.services.CommentService - No comments found for postId: 153
2024-12-26T13:20:26.336+0100 WARN               [http-nio-8084-exec-7]         be.pxl.services.services.CommentService - No comments found for postId: 154
2024-12-26T13:20:26.366+0100 WARN               [http-nio-8084-exec-8]         be.pxl.services.services.CommentService - No comments found for postId: 202
2024-12-26T13:20:37.038+0100 WARN               [http-nio-8084-exec-10]        be.pxl.services.services.CommentService - No comments found for postId: 152
2024-12-26T13:20:37.066+0100 WARN               [http-nio-8084-exec-1]         be.pxl.services.services.CommentService - No comments found for postId: 153
2024-12-26T13:20:37.106+0100 WARN               [http-nio-8084-exec-2]         be.pxl.services.services.CommentService - No comments found for postId: 154
2024-12-26T13:20:37.140+0100 WARN               [http-nio-8084-exec-3]         be.pxl.services.services.CommentService - No comments found for postId: 202
2024-12-26T13:21:08.287+0100 WARN               [http-nio-8084-exec-5]         be.pxl.services.services.CommentService - No comments found for postId: 152
2024-12-26T13:21:08.331+0100 WARN               [http-nio-8084-exec-6]         be.pxl.services.services.CommentService - No comments found for postId: 153
2024-12-26T13:21:08.380+0100 WARN               [http-nio-8084-exec-7]         be.pxl.services.services.CommentService - No comments found for postId: 154
2024-12-26T13:21:08.424+0100 WARN               [http-nio-8084-exec-8]         be.pxl.services.services.CommentService - No comments found for postId: 202
2024-12-26T13:21:14.511+0100 WARN               [http-nio-8084-exec-10]        be.pxl.services.services.CommentService - No comments found for postId: 152
2024-12-26T13:21:14.546+0100 WARN               [http-nio-8084-exec-1]         be.pxl.services.services.CommentService - No comments found for postId: 153
2024-12-26T13:21:14.574+0100 WARN               [http-nio-8084-exec-2]         be.pxl.services.services.CommentService - No comments found for postId: 154
2024-12-26T13:21:14.611+0100 WARN               [http-nio-8084-exec-3]         be.pxl.services.services.CommentService - No comments found for postId: 202
2024-12-26T13:21:58.416+0100 WARN               [http-nio-8084-exec-5]         be.pxl.services.services.CommentService - No comments found for postId: 152
2024-12-26T13:21:58.463+0100 WARN               [http-nio-8084-exec-6]         be.pxl.services.services.CommentService - No comments found for postId: 153
2024-12-26T13:21:58.494+0100 WARN               [http-nio-8084-exec-7]         be.pxl.services.services.CommentService - No comments found for postId: 154
2024-12-26T13:21:58.785+0100 WARN               [http-nio-8084-exec-8]         be.pxl.services.services.CommentService - No comments found for postId: 202
2024-12-26T13:22:01.334+0100 WARN               [http-nio-8084-exec-10]        be.pxl.services.services.CommentService - No comments found for postId: 152
2024-12-26T13:22:01.360+0100 WARN               [http-nio-8084-exec-1]         be.pxl.services.services.CommentService - No comments found for postId: 153
2024-12-26T13:22:01.398+0100 WARN               [http-nio-8084-exec-2]         be.pxl.services.services.CommentService - No comments found for postId: 154
2024-12-26T13:22:01.477+0100 WARN               [http-nio-8084-exec-3]         be.pxl.services.services.CommentService - No comments found for postId: 202
2024-12-26T13:22:20.143+0100 WARN               [http-nio-8084-exec-5]         be.pxl.services.services.CommentService - No comments found for postId: 152
2024-12-26T13:22:20.186+0100 WARN               [http-nio-8084-exec-6]         be.pxl.services.services.CommentService - No comments found for postId: 153
2024-12-26T13:22:20.222+0100 WARN               [http-nio-8084-exec-7]         be.pxl.services.services.CommentService - No comments found for postId: 154
2024-12-26T13:22:20.250+0100 WARN               [http-nio-8084-exec-8]         be.pxl.services.services.CommentService - No comments found for postId: 202
2024-12-26T13:22:31.625+0100 WARN               [http-nio-8084-exec-10]        be.pxl.services.services.CommentService - No comments found for postId: 152
2024-12-26T13:22:31.666+0100 WARN               [http-nio-8084-exec-1]         be.pxl.services.services.CommentService - No comments found for postId: 153
2024-12-26T13:22:31.706+0100 WARN               [http-nio-8084-exec-2]         be.pxl.services.services.CommentService - No comments found for postId: 154
2024-12-26T13:22:31.747+0100 WARN               [http-nio-8084-exec-3]         be.pxl.services.services.CommentService - No comments found for postId: 202
2024-12-26T13:22:33.636+0100 WARN               [http-nio-8084-exec-5]         be.pxl.services.services.CommentService - No comments found for postId: 152
2024-12-26T13:22:33.667+0100 WARN               [http-nio-8084-exec-6]         be.pxl.services.services.CommentService - No comments found for postId: 153
2024-12-26T13:22:33.705+0100 WARN               [http-nio-8084-exec-7]         be.pxl.services.services.CommentService - No comments found for postId: 154
2024-12-26T13:22:33.781+0100 WARN               [http-nio-8084-exec-8]         be.pxl.services.services.CommentService - No comments found for postId: 202
2024-12-26T13:22:42.121+0100 WARN               [http-nio-8084-exec-10]        be.pxl.services.services.CommentService - No comments found for postId: 152
2024-12-26T13:22:42.164+0100 WARN               [http-nio-8084-exec-1]         be.pxl.services.services.CommentService - No comments found for postId: 153
2024-12-26T13:22:42.209+0100 WARN               [http-nio-8084-exec-2]         be.pxl.services.services.CommentService - No comments found for postId: 154
2024-12-26T13:22:42.256+0100 WARN               [http-nio-8084-exec-3]         be.pxl.services.services.CommentService - No comments found for postId: 202
2024-12-26T13:22:53.177+0100 WARN               [http-nio-8084-exec-5]         be.pxl.services.services.CommentService - No comments found for postId: 152
2024-12-26T13:22:53.209+0100 WARN               [http-nio-8084-exec-6]         be.pxl.services.services.CommentService - No comments found for postId: 153
2024-12-26T13:22:53.246+0100 WARN               [http-nio-8084-exec-7]         be.pxl.services.services.CommentService - No comments found for postId: 154
2024-12-26T13:22:53.277+0100 WARN               [http-nio-8084-exec-8]         be.pxl.services.services.CommentService - No comments found for postId: 202
2024-12-26T13:22:57.120+0100 WARN               [http-nio-8084-exec-10]        be.pxl.services.services.CommentService - No comments found for postId: 152
2024-12-26T13:22:57.153+0100 WARN               [http-nio-8084-exec-1]         be.pxl.services.services.CommentService - No comments found for postId: 153
2024-12-26T13:22:57.184+0100 WARN               [http-nio-8084-exec-2]         be.pxl.services.services.CommentService - No comments found for postId: 154
2024-12-26T13:22:57.208+0100 WARN               [http-nio-8084-exec-3]         be.pxl.services.services.CommentService - No comments found for postId: 202
2024-12-26T13:23:03.268+0100 WARN               [http-nio-8084-exec-5]         be.pxl.services.services.CommentService - No comments found for postId: 152
2024-12-26T13:23:03.300+0100 WARN               [http-nio-8084-exec-6]         be.pxl.services.services.CommentService - No comments found for postId: 153
2024-12-26T13:23:03.332+0100 WARN               [http-nio-8084-exec-7]         be.pxl.services.services.CommentService - No comments found for postId: 154
2024-12-26T13:23:03.361+0100 WARN               [http-nio-8084-exec-8]         be.pxl.services.services.CommentService - No comments found for postId: 202
2024-12-26T13:23:07.218+0100 WARN               [http-nio-8084-exec-10]        be.pxl.services.services.CommentService - No comments found for postId: 152
2024-12-26T13:23:07.258+0100 WARN               [http-nio-8084-exec-1]         be.pxl.services.services.CommentService - No comments found for postId: 153
2024-12-26T13:23:07.293+0100 WARN               [http-nio-8084-exec-2]         be.pxl.services.services.CommentService - No comments found for postId: 154
2024-12-26T13:23:07.324+0100 WARN               [http-nio-8084-exec-3]         be.pxl.services.services.CommentService - No comments found for postId: 202
2024-12-26T13:23:13.128+0100 WARN               [http-nio-8084-exec-5]         be.pxl.services.services.CommentService - No comments found for postId: 152
2024-12-26T13:23:13.160+0100 WARN               [http-nio-8084-exec-6]         be.pxl.services.services.CommentService - No comments found for postId: 153
2024-12-26T13:23:13.191+0100 WARN               [http-nio-8084-exec-7]         be.pxl.services.services.CommentService - No comments found for postId: 154
2024-12-26T13:23:13.212+0100 WARN               [http-nio-8084-exec-8]         be.pxl.services.services.CommentService - No comments found for postId: 202
2024-12-26T13:26:17.104+0100 WARN               [http-nio-8084-exec-10]        be.pxl.services.services.CommentService - No comments found for postId: 152
2024-12-26T13:26:17.164+0100 WARN               [http-nio-8084-exec-1]         be.pxl.services.services.CommentService - No comments found for postId: 153
2024-12-26T13:26:17.744+0100 WARN               [http-nio-8084-exec-2]         be.pxl.services.services.CommentService - No comments found for postId: 154
2024-12-26T13:26:17.836+0100 WARN               [http-nio-8084-exec-3]         be.pxl.services.services.CommentService - No comments found for postId: 202
2024-12-26T13:29:19.729+0100 WARN               [http-nio-8084-exec-5]         be.pxl.services.services.CommentService - No comments found for postId: 152
2024-12-26T13:29:19.797+0100 WARN               [http-nio-8084-exec-6]         be.pxl.services.services.CommentService - No comments found for postId: 153
2024-12-26T13:29:19.848+0100 WARN               [http-nio-8084-exec-7]         be.pxl.services.services.CommentService - No comments found for postId: 154
2024-12-26T13:29:19.903+0100 WARN               [http-nio-8084-exec-8]         be.pxl.services.services.CommentService - No comments found for postId: 202
2024-12-26T13:29:22.525+0100 WARN               [http-nio-8084-exec-10]        be.pxl.services.services.CommentService - No comments found for postId: 152
2024-12-26T13:29:22.565+0100 WARN               [http-nio-8084-exec-1]         be.pxl.services.services.CommentService - No comments found for postId: 153
2024-12-26T13:29:22.604+0100 WARN               [http-nio-8084-exec-2]         be.pxl.services.services.CommentService - No comments found for postId: 154
2024-12-26T13:29:22.646+0100 WARN               [http-nio-8084-exec-3]         be.pxl.services.services.CommentService - No comments found for postId: 202
2024-12-26T13:30:24.493+0100 WARN               [http-nio-8084-exec-5]         be.pxl.services.services.CommentService - No comments found for postId: 152
2024-12-26T13:30:24.527+0100 WARN               [http-nio-8084-exec-6]         be.pxl.services.services.CommentService - No comments found for postId: 153
2024-12-26T13:30:24.555+0100 WARN               [http-nio-8084-exec-7]         be.pxl.services.services.CommentService - No comments found for postId: 154
2024-12-26T13:30:24.588+0100 WARN               [http-nio-8084-exec-8]         be.pxl.services.services.CommentService - No comments found for postId: 202
2024-12-26T13:38:41.993+0100 WARN               [http-nio-8084-exec-10]        be.pxl.services.services.CommentService - No comments found for postId: 152
2024-12-26T13:38:42.053+0100 WARN               [http-nio-8084-exec-1]         be.pxl.services.services.CommentService - No comments found for postId: 153
2024-12-26T13:38:42.093+0100 WARN               [http-nio-8084-exec-2]         be.pxl.services.services.CommentService - No comments found for postId: 154
2024-12-26T13:38:42.133+0100 WARN               [http-nio-8084-exec-3]         be.pxl.services.services.CommentService - No comments found for postId: 202
2024-12-26T13:38:59.281+0100 WARN               [http-nio-8084-exec-5]         be.pxl.services.services.CommentService - No comments found for postId: 152
2024-12-26T13:38:59.328+0100 WARN               [http-nio-8084-exec-6]         be.pxl.services.services.CommentService - No comments found for postId: 153
2024-12-26T13:38:59.372+0100 WARN               [http-nio-8084-exec-7]         be.pxl.services.services.CommentService - No comments found for postId: 154
2024-12-26T13:38:59.417+0100 WARN               [http-nio-8084-exec-8]         be.pxl.services.services.CommentService - No comments found for postId: 202
2024-12-26T13:40:07.856+0100 WARN               [http-nio-8084-exec-10]        be.pxl.services.services.CommentService - No comments found for postId: 152
2024-12-26T13:40:07.912+0100 WARN               [http-nio-8084-exec-1]         be.pxl.services.services.CommentService - No comments found for postId: 153
2024-12-26T13:40:07.987+0100 WARN               [http-nio-8084-exec-2]         be.pxl.services.services.CommentService - No comments found for postId: 154
2024-12-26T13:40:08.161+0100 WARN               [http-nio-8084-exec-3]         be.pxl.services.services.CommentService - No comments found for postId: 202
2024-12-26T13:40:09.402+0100 WARN               [http-nio-8084-exec-5]         be.pxl.services.services.CommentService - No comments found for postId: 152
2024-12-26T13:40:09.439+0100 WARN               [http-nio-8084-exec-6]         be.pxl.services.services.CommentService - No comments found for postId: 153
2024-12-26T13:40:09.479+0100 WARN               [http-nio-8084-exec-7]         be.pxl.services.services.CommentService - No comments found for postId: 154
2024-12-26T13:40:09.529+0100 WARN               [http-nio-8084-exec-8]         be.pxl.services.services.CommentService - No comments found for postId: 202
2024-12-26T13:42:35.814+0100 WARN               [http-nio-8084-exec-10]        be.pxl.services.services.CommentService - No comments found for postId: 152
2024-12-26T13:42:35.933+0100 WARN               [http-nio-8084-exec-1]         be.pxl.services.services.CommentService - No comments found for postId: 153
2024-12-26T13:42:36.001+0100 WARN               [http-nio-8084-exec-2]         be.pxl.services.services.CommentService - No comments found for postId: 154
2024-12-26T13:42:36.076+0100 WARN               [http-nio-8084-exec-3]         be.pxl.services.services.CommentService - No comments found for postId: 202
2024-12-26T13:42:42.228+0100 WARN               [http-nio-8084-exec-5]         be.pxl.services.services.CommentService - No comments found for postId: 152
2024-12-26T13:42:42.265+0100 WARN               [http-nio-8084-exec-6]         be.pxl.services.services.CommentService - No comments found for postId: 153
2024-12-26T13:42:42.307+0100 WARN               [http-nio-8084-exec-7]         be.pxl.services.services.CommentService - No comments found for postId: 154
2024-12-26T13:42:42.332+0100 WARN               [http-nio-8084-exec-8]         be.pxl.services.services.CommentService - No comments found for postId: 202
2024-12-26T13:43:28.382+0100 WARN               [http-nio-8084-exec-10]        be.pxl.services.services.CommentService - No comments found for postId: 152
2024-12-26T13:43:28.408+0100 WARN               [http-nio-8084-exec-1]         be.pxl.services.services.CommentService - No comments found for postId: 153
2024-12-26T13:43:28.452+0100 WARN               [http-nio-8084-exec-2]         be.pxl.services.services.CommentService - No comments found for postId: 154
2024-12-26T13:43:28.485+0100 WARN               [http-nio-8084-exec-3]         be.pxl.services.services.CommentService - No comments found for postId: 202
2024-12-26T13:43:34.974+0100 WARN               [http-nio-8084-exec-5]         be.pxl.services.services.CommentService - No comments found for postId: 152
2024-12-26T13:43:35.008+0100 WARN               [http-nio-8084-exec-6]         be.pxl.services.services.CommentService - No comments found for postId: 153
2024-12-26T13:43:35.033+0100 WARN               [http-nio-8084-exec-7]         be.pxl.services.services.CommentService - No comments found for postId: 154
2024-12-26T13:43:35.058+0100 WARN               [http-nio-8084-exec-8]         be.pxl.services.services.CommentService - No comments found for postId: 202
2024-12-26T13:43:53.784+0100 WARN               [http-nio-8084-exec-10]        be.pxl.services.services.CommentService - No comments found for postId: 152
2024-12-26T13:43:53.812+0100 WARN               [http-nio-8084-exec-1]         be.pxl.services.services.CommentService - No comments found for postId: 153
2024-12-26T13:43:53.847+0100 WARN               [http-nio-8084-exec-2]         be.pxl.services.services.CommentService - No comments found for postId: 154
2024-12-26T13:43:53.883+0100 WARN               [http-nio-8084-exec-3]         be.pxl.services.services.CommentService - No comments found for postId: 202
2024-12-26T13:43:59.408+0100 WARN               [http-nio-8084-exec-5]         be.pxl.services.services.CommentService - No comments found for postId: 152
2024-12-26T13:43:59.439+0100 WARN               [http-nio-8084-exec-6]         be.pxl.services.services.CommentService - No comments found for postId: 153
2024-12-26T13:43:59.469+0100 WARN               [http-nio-8084-exec-7]         be.pxl.services.services.CommentService - No comments found for postId: 154
2024-12-26T13:43:59.499+0100 WARN               [http-nio-8084-exec-8]         be.pxl.services.services.CommentService - No comments found for postId: 202
2024-12-26T13:44:03.205+0100 WARN               [http-nio-8084-exec-10]        be.pxl.services.services.CommentService - No comments found for postId: 152
2024-12-26T13:44:03.282+0100 WARN               [http-nio-8084-exec-1]         be.pxl.services.services.CommentService - No comments found for postId: 153
2024-12-26T13:44:03.336+0100 WARN               [http-nio-8084-exec-2]         be.pxl.services.services.CommentService - No comments found for postId: 154
2024-12-26T13:44:03.381+0100 WARN               [http-nio-8084-exec-3]         be.pxl.services.services.CommentService - No comments found for postId: 202
2024-12-26T13:44:09.325+0100 WARN               [http-nio-8084-exec-5]         be.pxl.services.services.CommentService - No comments found for postId: 152
2024-12-26T13:44:09.354+0100 WARN               [http-nio-8084-exec-6]         be.pxl.services.services.CommentService - No comments found for postId: 153
2024-12-26T13:44:09.376+0100 WARN               [http-nio-8084-exec-7]         be.pxl.services.services.CommentService - No comments found for postId: 154
2024-12-26T13:44:09.399+0100 WARN               [http-nio-8084-exec-8]         be.pxl.services.services.CommentService - No comments found for postId: 202
2024-12-26T13:50:52.418+0100 WARN               [http-nio-8084-exec-10]        be.pxl.services.services.CommentService - No comments found for postId: 152
2024-12-26T13:50:52.452+0100 WARN               [http-nio-8084-exec-1]         be.pxl.services.services.CommentService - No comments found for postId: 153
2024-12-26T13:50:52.490+0100 WARN               [http-nio-8084-exec-2]         be.pxl.services.services.CommentService - No comments found for postId: 154
2024-12-26T13:50:52.532+0100 WARN               [http-nio-8084-exec-3]         be.pxl.services.services.CommentService - No comments found for postId: 202
2024-12-26T13:50:56.501+0100 WARN               [http-nio-8084-exec-5]         be.pxl.services.services.CommentService - No comments found for postId: 152
2024-12-26T13:50:56.537+0100 WARN               [http-nio-8084-exec-6]         be.pxl.services.services.CommentService - No comments found for postId: 153
2024-12-26T13:50:56.571+0100 WARN               [http-nio-8084-exec-7]         be.pxl.services.services.CommentService - No comments found for postId: 154
2024-12-26T13:50:56.603+0100 WARN               [http-nio-8084-exec-8]         be.pxl.services.services.CommentService - No comments found for postId: 202
2024-12-26T13:50:58.076+0100 WARN               [http-nio-8084-exec-9]         be.pxl.services.services.CommentService - No comments found for postId: 202
2024-12-26T13:50:58.128+0100 WARN               [http-nio-8084-exec-10]        be.pxl.services.services.CommentService - No comments found for postId: 202
2024-12-26T13:51:01.448+0100 WARN               [http-nio-8084-exec-1]         be.pxl.services.services.CommentService - No comments found for postId: 202
2024-12-26T13:51:01.590+0100 WARN               [http-nio-8084-exec-3]         be.pxl.services.services.CommentService - No comments found for postId: 152
2024-12-26T13:51:01.616+0100 WARN               [http-nio-8084-exec-4]         be.pxl.services.services.CommentService - No comments found for postId: 153
2024-12-26T13:51:01.638+0100 WARN               [http-nio-8084-exec-5]         be.pxl.services.services.CommentService - No comments found for postId: 154
2024-12-26T13:51:01.667+0100 WARN               [http-nio-8084-exec-6]         be.pxl.services.services.CommentService - No comments found for postId: 202
2024-12-26T13:51:06.342+0100 WARN               [http-nio-8084-exec-7]         be.pxl.services.services.CommentService - No comments found for postId: 153
2024-12-26T13:51:06.404+0100 WARN               [http-nio-8084-exec-8]         be.pxl.services.services.CommentService - No comments found for postId: 153
2024-12-26T13:51:09.773+0100 WARN               [http-nio-8084-exec-9]         be.pxl.services.services.CommentService - No comments found for postId: 153
2024-12-26T13:51:09.897+0100 WARN               [http-nio-8084-exec-1]         be.pxl.services.services.CommentService - No comments found for postId: 152
2024-12-26T13:51:09.921+0100 WARN               [http-nio-8084-exec-2]         be.pxl.services.services.CommentService - No comments found for postId: 153
2024-12-26T13:51:09.941+0100 WARN               [http-nio-8084-exec-3]         be.pxl.services.services.CommentService - No comments found for postId: 154
2024-12-26T13:51:09.961+0100 WARN               [http-nio-8084-exec-4]         be.pxl.services.services.CommentService - No comments found for postId: 202
2024-12-26T13:51:11.364+0100 WARN               [http-nio-8084-exec-6]         be.pxl.services.services.CommentService - No comments found for postId: 152
2024-12-26T13:51:11.386+0100 WARN               [http-nio-8084-exec-7]         be.pxl.services.services.CommentService - No comments found for postId: 153
2024-12-26T13:51:11.406+0100 WARN               [http-nio-8084-exec-8]         be.pxl.services.services.CommentService - No comments found for postId: 154
2024-12-26T13:51:11.426+0100 WARN               [http-nio-8084-exec-9]         be.pxl.services.services.CommentService - No comments found for postId: 202
2024-12-26T13:51:51.332+0100 WARN               [http-nio-8084-exec-10]        be.pxl.services.services.CommentService - No comments found for postId: 153
2024-12-26T13:51:51.395+0100 WARN               [http-nio-8084-exec-1]         be.pxl.services.services.CommentService - No comments found for postId: 153
2024-12-26T13:51:54.151+0100 WARN               [http-nio-8084-exec-2]         be.pxl.services.services.CommentService - No comments found for postId: 153
2024-12-26T13:51:54.269+0100 WARN               [http-nio-8084-exec-4]         be.pxl.services.services.CommentService - No comments found for postId: 152
2024-12-26T13:51:54.299+0100 WARN               [http-nio-8084-exec-5]         be.pxl.services.services.CommentService - No comments found for postId: 153
2024-12-26T13:51:54.318+0100 WARN               [http-nio-8084-exec-6]         be.pxl.services.services.CommentService - No comments found for postId: 154
2024-12-26T13:51:54.338+0100 WARN               [http-nio-8084-exec-7]         be.pxl.services.services.CommentService - No comments found for postId: 202
2024-12-26T13:51:56.439+0100 WARN               [http-nio-8084-exec-9]         be.pxl.services.services.CommentService - No comments found for postId: 152
2024-12-26T13:51:56.471+0100 WARN               [http-nio-8084-exec-10]        be.pxl.services.services.CommentService - No comments found for postId: 153
2024-12-26T13:51:56.504+0100 WARN               [http-nio-8084-exec-1]         be.pxl.services.services.CommentService - No comments found for postId: 154
2024-12-26T13:51:56.536+0100 WARN               [http-nio-8084-exec-2]         be.pxl.services.services.CommentService - No comments found for postId: 202
2024-12-26T13:52:00.430+0100 WARN               [http-nio-8084-exec-3]         be.pxl.services.services.CommentService - No comments found for postId: 202
2024-12-26T13:52:00.478+0100 WARN               [http-nio-8084-exec-4]         be.pxl.services.services.CommentService - No comments found for postId: 202
2024-12-26T13:52:04.642+0100 WARN               [http-nio-8084-exec-5]         be.pxl.services.services.CommentService - No comments found for postId: 202
2024-12-26T13:52:04.761+0100 WARN               [http-nio-8084-exec-7]         be.pxl.services.services.CommentService - No comments found for postId: 152
2024-12-26T13:52:04.787+0100 WARN               [http-nio-8084-exec-8]         be.pxl.services.services.CommentService - No comments found for postId: 153
2024-12-26T13:52:04.807+0100 WARN               [http-nio-8084-exec-9]         be.pxl.services.services.CommentService - No comments found for postId: 154
2024-12-26T13:52:04.829+0100 WARN               [http-nio-8084-exec-10]        be.pxl.services.services.CommentService - No comments found for postId: 202
2024-12-26T13:52:09.625+0100 WARN               [http-nio-8084-exec-2]         be.pxl.services.services.CommentService - No comments found for postId: 152
2024-12-26T13:52:09.647+0100 WARN               [http-nio-8084-exec-3]         be.pxl.services.services.CommentService - No comments found for postId: 153
2024-12-26T13:52:09.670+0100 WARN               [http-nio-8084-exec-4]         be.pxl.services.services.CommentService - No comments found for postId: 154
2024-12-26T13:52:09.731+0100 WARN               [http-nio-8084-exec-5]         be.pxl.services.services.CommentService - No comments found for postId: 202
2024-12-26T13:53:13.357+0100 WARN               [http-nio-8084-exec-7]         be.pxl.services.services.CommentService - No comments found for postId: 152
2024-12-26T13:53:13.385+0100 WARN               [http-nio-8084-exec-8]         be.pxl.services.services.CommentService - No comments found for postId: 153
2024-12-26T13:53:13.419+0100 WARN               [http-nio-8084-exec-9]         be.pxl.services.services.CommentService - No comments found for postId: 154
2024-12-26T13:53:13.455+0100 WARN               [http-nio-8084-exec-10]        be.pxl.services.services.CommentService - No comments found for postId: 202
2024-12-26T13:53:15.513+0100 WARN               [http-nio-8084-exec-2]         be.pxl.services.services.CommentService - No comments found for postId: 152
2024-12-26T13:53:15.538+0100 WARN               [http-nio-8084-exec-3]         be.pxl.services.services.CommentService - No comments found for postId: 153
2024-12-26T13:53:15.558+0100 WARN               [http-nio-8084-exec-4]         be.pxl.services.services.CommentService - No comments found for postId: 154
2024-12-26T13:53:15.577+0100 WARN               [http-nio-8084-exec-5]         be.pxl.services.services.CommentService - No comments found for postId: 202
2024-12-26T13:53:39.077+0100 WARN               [http-nio-8084-exec-7]         be.pxl.services.services.CommentService - No comments found for postId: 152
2024-12-26T13:53:39.112+0100 WARN               [http-nio-8084-exec-8]         be.pxl.services.services.CommentService - No comments found for postId: 153
2024-12-26T13:53:39.145+0100 WARN               [http-nio-8084-exec-9]         be.pxl.services.services.CommentService - No comments found for postId: 154
2024-12-26T13:53:39.176+0100 WARN               [http-nio-8084-exec-10]        be.pxl.services.services.CommentService - No comments found for postId: 202
2024-12-26T13:53:47.541+0100 WARN               [http-nio-8084-exec-2]         be.pxl.services.services.CommentService - No comments found for postId: 152
2024-12-26T13:53:47.570+0100 WARN               [http-nio-8084-exec-3]         be.pxl.services.services.CommentService - No comments found for postId: 153
2024-12-26T13:53:47.611+0100 WARN               [http-nio-8084-exec-4]         be.pxl.services.services.CommentService - No comments found for postId: 154
2024-12-26T13:53:47.643+0100 WARN               [http-nio-8084-exec-5]         be.pxl.services.services.CommentService - No comments found for postId: 202
2024-12-26T13:53:59.562+0100 WARN               [http-nio-8084-exec-7]         be.pxl.services.services.CommentService - No comments found for postId: 152
2024-12-26T13:53:59.592+0100 WARN               [http-nio-8084-exec-8]         be.pxl.services.services.CommentService - No comments found for postId: 153
2024-12-26T13:53:59.623+0100 WARN               [http-nio-8084-exec-9]         be.pxl.services.services.CommentService - No comments found for postId: 154
2024-12-26T13:53:59.652+0100 WARN               [http-nio-8084-exec-10]        be.pxl.services.services.CommentService - No comments found for postId: 202
2024-12-26T13:54:12.469+0100 WARN               [http-nio-8084-exec-2]         be.pxl.services.services.CommentService - No comments found for postId: 152
2024-12-26T13:54:12.508+0100 WARN               [http-nio-8084-exec-3]         be.pxl.services.services.CommentService - No comments found for postId: 153
2024-12-26T13:54:12.545+0100 WARN               [http-nio-8084-exec-4]         be.pxl.services.services.CommentService - No comments found for postId: 154
2024-12-26T13:54:12.579+0100 WARN               [http-nio-8084-exec-5]         be.pxl.services.services.CommentService - No comments found for postId: 202
2024-12-26T13:54:16.591+0100 WARN               [http-nio-8084-exec-7]         be.pxl.services.services.CommentService - No comments found for postId: 152
2024-12-26T13:54:16.629+0100 WARN               [http-nio-8084-exec-8]         be.pxl.services.services.CommentService - No comments found for postId: 153
2024-12-26T13:54:16.666+0100 WARN               [http-nio-8084-exec-9]         be.pxl.services.services.CommentService - No comments found for postId: 154
2024-12-26T13:54:16.689+0100 WARN               [http-nio-8084-exec-10]        be.pxl.services.services.CommentService - No comments found for postId: 202
2024-12-26T13:54:25.727+0100 WARN               [http-nio-8084-exec-2]         be.pxl.services.services.CommentService - No comments found for postId: 152
2024-12-26T13:54:25.756+0100 WARN               [http-nio-8084-exec-3]         be.pxl.services.services.CommentService - No comments found for postId: 153
2024-12-26T13:54:25.785+0100 WARN               [http-nio-8084-exec-4]         be.pxl.services.services.CommentService - No comments found for postId: 154
2024-12-26T13:54:25.809+0100 WARN               [http-nio-8084-exec-5]         be.pxl.services.services.CommentService - No comments found for postId: 202
2024-12-26T13:54:50.400+0100 WARN               [http-nio-8084-exec-7]         be.pxl.services.services.CommentService - No comments found for postId: 152
2024-12-26T13:54:50.527+0100 WARN               [http-nio-8084-exec-8]         be.pxl.services.services.CommentService - No comments found for postId: 153
2024-12-26T13:54:50.571+0100 WARN               [http-nio-8084-exec-9]         be.pxl.services.services.CommentService - No comments found for postId: 154
2024-12-26T13:54:50.649+0100 WARN               [http-nio-8084-exec-10]        be.pxl.services.services.CommentService - No comments found for postId: 202
2024-12-26T13:55:00.782+0100 WARN               [http-nio-8084-exec-2]         be.pxl.services.services.CommentService - No comments found for postId: 152
2024-12-26T13:55:00.811+0100 WARN               [http-nio-8084-exec-3]         be.pxl.services.services.CommentService - No comments found for postId: 153
2024-12-26T13:55:00.849+0100 WARN               [http-nio-8084-exec-4]         be.pxl.services.services.CommentService - No comments found for postId: 154
2024-12-26T13:55:00.881+0100 WARN               [http-nio-8084-exec-5]         be.pxl.services.services.CommentService - No comments found for postId: 202
2024-12-26T13:55:04.678+0100 WARN               [http-nio-8084-exec-7]         be.pxl.services.services.CommentService - No comments found for postId: 152
2024-12-26T13:55:04.714+0100 WARN               [http-nio-8084-exec-8]         be.pxl.services.services.CommentService - No comments found for postId: 153
2024-12-26T13:55:04.744+0100 WARN               [http-nio-8084-exec-9]         be.pxl.services.services.CommentService - No comments found for postId: 154
2024-12-26T13:55:04.765+0100 WARN               [http-nio-8084-exec-10]        be.pxl.services.services.CommentService - No comments found for postId: 202
2024-12-26T13:55:06.848+0100 WARN               [http-nio-8084-exec-2]         be.pxl.services.services.CommentService - No comments found for postId: 152
2024-12-26T13:55:06.883+0100 WARN               [http-nio-8084-exec-3]         be.pxl.services.services.CommentService - No comments found for postId: 153
2024-12-26T13:55:06.916+0100 WARN               [http-nio-8084-exec-4]         be.pxl.services.services.CommentService - No comments found for postId: 154
2024-12-26T13:55:06.942+0100 WARN               [http-nio-8084-exec-5]         be.pxl.services.services.CommentService - No comments found for postId: 202
2024-12-26T13:55:13.283+0100 WARN               [http-nio-8084-exec-6]         be.pxl.services.services.CommentService - No comments found for postId: 202
2024-12-26T13:55:13.326+0100 WARN               [http-nio-8084-exec-7]         be.pxl.services.services.CommentService - No comments found for postId: 202
2024-12-26T13:55:15.512+0100 WARN               [http-nio-8084-exec-9]         be.pxl.services.services.CommentService - No comments found for postId: 152
2024-12-26T13:55:15.532+0100 WARN               [http-nio-8084-exec-10]        be.pxl.services.services.CommentService - No comments found for postId: 153
2024-12-26T13:55:15.550+0100 WARN               [http-nio-8084-exec-1]         be.pxl.services.services.CommentService - No comments found for postId: 154
2024-12-26T13:55:15.568+0100 WARN               [http-nio-8084-exec-2]         be.pxl.services.services.CommentService - No comments found for postId: 202
2024-12-26T13:59:57.972+0100 WARN               [http-nio-8084-exec-4]         be.pxl.services.services.CommentService - No comments found for postId: 152
2024-12-26T13:59:57.993+0100 WARN               [http-nio-8084-exec-5]         be.pxl.services.services.CommentService - No comments found for postId: 153
2024-12-26T13:59:58.013+0100 WARN               [http-nio-8084-exec-6]         be.pxl.services.services.CommentService - No comments found for postId: 154
2024-12-26T13:59:58.034+0100 WARN               [http-nio-8084-exec-7]         be.pxl.services.services.CommentService - No comments found for postId: 202
2024-12-26T13:59:59.609+0100 WARN               [http-nio-8084-exec-9]         be.pxl.services.services.CommentService - No comments found for postId: 152
2024-12-26T13:59:59.639+0100 WARN               [http-nio-8084-exec-10]        be.pxl.services.services.CommentService - No comments found for postId: 153
2024-12-26T13:59:59.670+0100 WARN               [http-nio-8084-exec-1]         be.pxl.services.services.CommentService - No comments found for postId: 154
2024-12-26T13:59:59.694+0100 WARN               [http-nio-8084-exec-2]         be.pxl.services.services.CommentService - No comments found for postId: 202
2024-12-26T14:00:00.096+0100 WARN               [http-nio-8084-exec-4]         be.pxl.services.services.CommentService - No comments found for postId: 152
2024-12-26T14:00:00.123+0100 WARN               [http-nio-8084-exec-5]         be.pxl.services.services.CommentService - No comments found for postId: 153
2024-12-26T14:00:00.143+0100 WARN               [http-nio-8084-exec-6]         be.pxl.services.services.CommentService - No comments found for postId: 154
2024-12-26T14:00:00.163+0100 WARN               [http-nio-8084-exec-7]         be.pxl.services.services.CommentService - No comments found for postId: 202
2024-12-26T14:00:01.783+0100 WARN               [http-nio-8084-exec-9]         be.pxl.services.services.CommentService - No comments found for postId: 152
2024-12-26T14:00:01.804+0100 WARN               [http-nio-8084-exec-10]        be.pxl.services.services.CommentService - No comments found for postId: 153
2024-12-26T14:00:01.825+0100 WARN               [http-nio-8084-exec-1]         be.pxl.services.services.CommentService - No comments found for postId: 154
2024-12-26T14:00:01.845+0100 WARN               [http-nio-8084-exec-2]         be.pxl.services.services.CommentService - No comments found for postId: 202
2024-12-26T14:00:16.760+0100 WARN               [http-nio-8084-exec-3]         be.pxl.services.services.CommentService - No comments found for postId: 202
2024-12-26T14:00:16.828+0100 WARN               [http-nio-8084-exec-4]         be.pxl.services.services.CommentService - No comments found for postId: 202
