2024-12-28T13:01:07.218+0100 INFO               [main]                         be.pxl.services.CommentServiceApplicationTests - Starting CommentServiceApplicationTests using Java 21.0.1 with PID 1836 (started by Ozkan in C:\School\FullStackJavaProject\project-Ozkanhlm\backend-java\ContentbeheerSevices\comment-service)
2024-12-28T13:01:07.249+0100 DEBUG              [main]                         be.pxl.services.CommentServiceApplicationTests - Running with Spring Boot v3.3.5, Spring v6.1.14
2024-12-28T13:01:07.251+0100 INFO               [main]                         be.pxl.services.CommentServiceApplicationTests - No active profile set, falling back to 1 default profile: "default"
2024-12-28T13:01:35.537+0100 INFO               [main]                         be.pxl.services.CommentServiceApplicationTests - Started CommentServiceApplicationTests in 38.601 seconds (process running for 113.445)
2024-12-28T13:01:38.277+0100 INFO               [main]                         be.pxl.services.services.CommentService - Deleted comments: [Comment(id=1, user=gebruiker, comment=Comment for post 101., postId=101), Comment(id=2, user=gebruiker, comment=Another comment for post 101., postId=101)]
2024-12-28T13:01:40.180+0100 INFO               [main]                         be.pxl.services.services.CommentService - Deleted comment: Comment(id=6, user=gebruiker, comment=This is a comment to delete., postId=101)
2024-12-28T13:01:40.996+0100 INFO               [main]                         be.pxl.services.services.CommentService - Updated comment: Comment(id=9, user=gebruiker, comment=Updated comment text, postId=101)
2024-12-28T13:01:41.086+0100 INFO               [main]                         be.pxl.services.services.CommentService - Added Comment: Comment(id=10, user=gebruiker, comment=This is a new comment., postId=103)
2024-12-28T13:18:19.959+0100 INFO               [main]                         be.pxl.services.CommentServiceApplicationTests - Starting CommentServiceApplicationTests using Java 21.0.1 with PID 45180 (started by Ozkan in C:\School\FullStackJavaProject\project-Ozkanhlm\backend-java\ContentbeheerSevices\comment-service)
2024-12-28T13:18:19.962+0100 DEBUG              [main]                         be.pxl.services.CommentServiceApplicationTests - Running with Spring Boot v3.3.5, Spring v6.1.14
2024-12-28T13:18:19.964+0100 INFO               [main]                         be.pxl.services.CommentServiceApplicationTests - No active profile set, falling back to 1 default profile: "default"
2024-12-28T13:18:36.324+0100 INFO               [main]                         be.pxl.services.CommentServiceApplicationTests - Started CommentServiceApplicationTests in 20.036 seconds (process running for 47.88)
2024-12-28T13:18:38.146+0100 INFO               [main]                         be.pxl.services.services.CommentService - Deleted comments: [Comment(id=1, user=gebruiker, comment=Comment for post 101., postId=101), Comment(id=2, user=gebruiker, comment=Another comment for post 101., postId=101)]
2024-12-28T13:18:39.374+0100 INFO               [main]                         be.pxl.services.services.CommentService - Deleted comment: Comment(id=6, user=gebruiker, comment=This is a comment to delete., postId=101)
2024-12-28T13:18:39.615+0100 INFO               [main]                         be.pxl.services.services.CommentService - Updated comment: Comment(id=9, user=gebruiker, comment=Updated comment text, postId=101)
2024-12-28T13:18:39.685+0100 INFO               [main]                         be.pxl.services.services.CommentService - Added Comment: Comment(id=10, user=gebruiker, comment=This is a new comment., postId=103)
2024-12-28T15:33:50.256+0100 INFO               [main]                         be.pxl.services.CommentServiceApplicationTests - Starting CommentServiceApplicationTests using Java 21.0.1 with PID 24156 (started by Ozkan in C:\School\FullStackJavaProject\project-Ozkanhlm\backend-java\ContentbeheerSevices\comment-service)
2024-12-28T15:33:50.261+0100 DEBUG              [main]                         be.pxl.services.CommentServiceApplicationTests - Running with Spring Boot v3.3.5, Spring v6.1.14
2024-12-28T15:33:50.263+0100 INFO               [main]                         be.pxl.services.CommentServiceApplicationTests - No active profile set, falling back to 1 default profile: "default"
2024-12-28T15:34:05.858+0100 INFO               [main]                         be.pxl.services.CommentServiceApplicationTests - Started CommentServiceApplicationTests in 19.103 seconds (process running for 43.179)
2024-12-28T15:34:07.609+0100 INFO               [main]                         be.pxl.services.services.CommentService - Deleted comments: [Comment(id=1, user=gebruiker, comment=Comment for post 101., postId=101), Comment(id=2, user=gebruiker, comment=Another comment for post 101., postId=101)]
2024-12-28T15:34:09.013+0100 INFO               [main]                         be.pxl.services.services.CommentService - Deleted comment: Comment(id=6, user=gebruiker, comment=This is a comment to delete., postId=101)
2024-12-28T15:34:09.230+0100 INFO               [main]                         be.pxl.services.services.CommentService - Updated comment: Comment(id=9, user=gebruiker, comment=Updated comment text, postId=101)
2024-12-28T15:34:09.286+0100 INFO               [main]                         be.pxl.services.services.CommentService - Added Comment: Comment(id=10, user=gebruiker, comment=This is a new comment., postId=103)
