2024-12-27T17:00:31.824+0100 INFO               [main]                         be.pxl.services.CommentServiceApplicationTests - Starting CommentServicesTests using Java 21.0.1 with PID 20472 (started by Ozkan in C:\School\FullStackJavaProject\project-Ozkanhlm\backend-java\ContentbeheerSevices\comment-service)
2024-12-27T17:00:31.827+0100 DEBUG              [main]                         be.pxl.services.CommentServiceApplicationTests - Running with Spring Boot v3.3.5, Spring v6.1.14
2024-12-27T17:00:31.828+0100 INFO               [main]                         be.pxl.services.CommentServiceApplicationTests - No active profile set, falling back to 1 default profile: "default"
2024-12-27T17:00:47.796+0100 INFO               [main]                         be.pxl.services.CommentServiceApplicationTests - Started CommentServicesTests in 20.113 seconds (process running for 48.992)
2024-12-27T17:02:54.561+0100 INFO               [main]                         be.pxl.services.CommentServiceApplicationTests - Starting CommentServicesTests using Java 21.0.1 with PID 11300 (started by Ozkan in C:\School\FullStackJavaProject\project-Ozkanhlm\backend-java\ContentbeheerSevices\comment-service)
2024-12-27T17:02:54.563+0100 DEBUG              [main]                         be.pxl.services.CommentServiceApplicationTests - Running with Spring Boot v3.3.5, Spring v6.1.14
2024-12-27T17:02:54.564+0100 INFO               [main]                         be.pxl.services.CommentServiceApplicationTests - No active profile set, falling back to 1 default profile: "default"
2024-12-27T17:03:06.244+0100 INFO               [main]                         be.pxl.services.CommentServiceApplicationTests - Started CommentServicesTests in 14.202 seconds (process running for 34.723)
2024-12-27T17:06:47.566+0100 INFO               [main]                         be.pxl.services.CommentServiceApplicationTests - Starting CommentServicesTests using Java 21.0.1 with PID 6592 (started by Ozkan in C:\School\FullStackJavaProject\project-Ozkanhlm\backend-java\ContentbeheerSevices\comment-service)
2024-12-27T17:06:47.567+0100 DEBUG              [main]                         be.pxl.services.CommentServiceApplicationTests - Running with Spring Boot v3.3.5, Spring v6.1.14
2024-12-27T17:06:47.568+0100 INFO               [main]                         be.pxl.services.CommentServiceApplicationTests - No active profile set, falling back to 1 default profile: "default"
2024-12-27T17:06:59.549+0100 INFO               [main]                         be.pxl.services.CommentServiceApplicationTests - Started CommentServicesTests in 14.617 seconds (process running for 35.66)
2024-12-27T17:10:22.306+0100 INFO               [main]                         be.pxl.services.CommentServiceApplicationTests - Starting CommentServicesTests using Java 21.0.1 with PID 24824 (started by Ozkan in C:\School\FullStackJavaProject\project-Ozkanhlm\backend-java\ContentbeheerSevices\comment-service)
2024-12-27T17:10:22.309+0100 DEBUG              [main]                         be.pxl.services.CommentServiceApplicationTests - Running with Spring Boot v3.3.5, Spring v6.1.14
2024-12-27T17:10:22.310+0100 INFO               [main]                         be.pxl.services.CommentServiceApplicationTests - No active profile set, falling back to 1 default profile: "default"
2024-12-27T17:10:34.858+0100 INFO               [main]                         be.pxl.services.CommentServiceApplicationTests - Started CommentServicesTests in 15.121 seconds (process running for 36.111)
2024-12-27T17:11:30.866+0100 INFO               [main]                         be.pxl.services.CommentServiceApplicationTests - Starting CommentServicesTests using Java 21.0.1 with PID 38684 (started by Ozkan in C:\School\FullStackJavaProject\project-Ozkanhlm\backend-java\ContentbeheerSevices\comment-service)
2024-12-27T17:11:30.868+0100 DEBUG              [main]                         be.pxl.services.CommentServiceApplicationTests - Running with Spring Boot v3.3.5, Spring v6.1.14
2024-12-27T17:11:30.869+0100 INFO               [main]                         be.pxl.services.CommentServiceApplicationTests - No active profile set, falling back to 1 default profile: "default"
2024-12-27T17:11:44.272+0100 INFO               [main]                         be.pxl.services.CommentServiceApplicationTests - Started CommentServicesTests in 16.603 seconds (process running for 37.547)
2024-12-27T17:12:30.720+0100 INFO               [main]                         be.pxl.services.CommentServiceApplicationTests - Starting CommentServicesTests using Java 21.0.1 with PID 42544 (started by Ozkan in C:\School\FullStackJavaProject\project-Ozkanhlm\backend-java\ContentbeheerSevices\comment-service)
2024-12-27T17:12:30.722+0100 DEBUG              [main]                         be.pxl.services.CommentServiceApplicationTests - Running with Spring Boot v3.3.5, Spring v6.1.14
2024-12-27T17:12:30.723+0100 INFO               [main]                         be.pxl.services.CommentServiceApplicationTests - No active profile set, falling back to 1 default profile: "default"
2024-12-27T17:12:45.779+0100 INFO               [main]                         be.pxl.services.CommentServiceApplicationTests - Started CommentServicesTests in 18.615 seconds (process running for 42.922)
2024-12-27T17:19:47.339+0100 INFO               [main]                         be.pxl.services.CommentServiceApplicationTests - Starting CommentServicesTests using Java 21.0.1 with PID 29984 (started by Ozkan in C:\School\FullStackJavaProject\project-Ozkanhlm\backend-java\ContentbeheerSevices\comment-service)
2024-12-27T17:19:47.344+0100 DEBUG              [main]                         be.pxl.services.CommentServiceApplicationTests - Running with Spring Boot v3.3.5, Spring v6.1.14
2024-12-27T17:19:47.349+0100 INFO               [main]                         be.pxl.services.CommentServiceApplicationTests - No active profile set, falling back to 1 default profile: "default"
2024-12-27T17:20:05.941+0100 INFO               [main]                         be.pxl.services.CommentServiceApplicationTests - Started CommentServicesTests in 24.036 seconds (process running for 44.589)
2024-12-27T17:30:41.513+0100 INFO               [main]                         be.pxl.services.CommentServiceApplicationTests - Starting CommentServicesTests using Java 21.0.1 with PID 44124 (started by Ozkan in C:\School\FullStackJavaProject\project-Ozkanhlm\backend-java\ContentbeheerSevices\comment-service)
2024-12-27T17:30:41.516+0100 DEBUG              [main]                         be.pxl.services.CommentServiceApplicationTests - Running with Spring Boot v3.3.5, Spring v6.1.14
2024-12-27T17:30:41.517+0100 INFO               [main]                         be.pxl.services.CommentServiceApplicationTests - No active profile set, falling back to 1 default profile: "default"
2024-12-27T17:30:54.352+0100 INFO               [main]                         be.pxl.services.CommentServiceApplicationTests - Started CommentServicesTests in 15.413 seconds (process running for 36.069)
2024-12-27T17:32:20.887+0100 INFO               [main]                         be.pxl.services.CommentServiceApplicationTests - Starting CommentServicesTests using Java 21.0.1 with PID 41216 (started by Ozkan in C:\School\FullStackJavaProject\project-Ozkanhlm\backend-java\ContentbeheerSevices\comment-service)
2024-12-27T17:32:20.889+0100 DEBUG              [main]                         be.pxl.services.CommentServiceApplicationTests - Running with Spring Boot v3.3.5, Spring v6.1.14
2024-12-27T17:32:20.890+0100 INFO               [main]                         be.pxl.services.CommentServiceApplicationTests - No active profile set, falling back to 1 default profile: "default"
2024-12-27T17:32:33.454+0100 INFO               [main]                         be.pxl.services.CommentServiceApplicationTests - Started CommentServicesTests in 15.081 seconds (process running for 36.391)
2024-12-27T19:00:57.638+0100 INFO               [main]                         be.pxl.services.CommentServiceApplicationTests - Starting CommentServicesTests using Java 21.0.1 with PID 45296 (started by Ozkan in C:\School\FullStackJavaProject\project-Ozkanhlm\backend-java\ContentbeheerSevices\comment-service)
2024-12-27T19:00:57.641+0100 DEBUG              [main]                         be.pxl.services.CommentServiceApplicationTests - Running with Spring Boot v3.3.5, Spring v6.1.14
2024-12-27T19:00:57.642+0100 INFO               [main]                         be.pxl.services.CommentServiceApplicationTests - No active profile set, falling back to 1 default profile: "default"
2024-12-27T19:01:11.641+0100 INFO               [main]                         be.pxl.services.CommentServiceApplicationTests - Started CommentServicesTests in 16.957 seconds (process running for 47.98)
2024-12-27T19:01:13.403+0100 INFO               [main]                         be.pxl.services.services.CommentService - Added Comment: Comment(id=3, user=gebruiker, comment=This is a new comment., postId=103)
2024-12-27T19:02:33.296+0100 INFO               [main]                         be.pxl.services.CommentServiceApplicationTests - Starting CommentServicesTests using Java 21.0.1 with PID 39116 (started by Ozkan in C:\School\FullStackJavaProject\project-Ozkanhlm\backend-java\ContentbeheerSevices\comment-service)
2024-12-27T19:02:33.298+0100 DEBUG              [main]                         be.pxl.services.CommentServiceApplicationTests - Running with Spring Boot v3.3.5, Spring v6.1.14
2024-12-27T19:02:33.299+0100 INFO               [main]                         be.pxl.services.CommentServiceApplicationTests - No active profile set, falling back to 1 default profile: "default"
2024-12-27T19:02:45.185+0100 INFO               [main]                         be.pxl.services.CommentServiceApplicationTests - Started CommentServicesTests in 14.292 seconds (process running for 37.332)
2024-12-27T19:02:46.440+0100 INFO               [main]                         be.pxl.services.services.CommentService - Added Comment: Comment(id=1, user=gebruiker, comment=This is a new comment., postId=103)
2024-12-27T19:03:35.713+0100 INFO               [main]                         be.pxl.services.CommentServiceApplicationTests - Starting CommentServicesTests using Java 21.0.1 with PID 45812 (started by Ozkan in C:\School\FullStackJavaProject\project-Ozkanhlm\backend-java\ContentbeheerSevices\comment-service)
2024-12-27T19:03:35.716+0100 DEBUG              [main]                         be.pxl.services.CommentServiceApplicationTests - Running with Spring Boot v3.3.5, Spring v6.1.14
2024-12-27T19:03:35.718+0100 INFO               [main]                         be.pxl.services.CommentServiceApplicationTests - No active profile set, falling back to 1 default profile: "default"
2024-12-27T19:03:50.392+0100 INFO               [main]                         be.pxl.services.CommentServiceApplicationTests - Started CommentServicesTests in 17.939 seconds (process running for 40.592)
2024-12-27T19:03:52.331+0100 INFO               [main]                         be.pxl.services.services.CommentService - Added Comment: Comment(id=3, user=gebruiker, comment=This is a new comment., postId=103)
2024-12-27T19:13:51.768+0100 INFO               [main]                         be.pxl.services.CommentServiceApplicationTests - Starting CommentServicesTests using Java 21.0.1 with PID 22792 (started by Ozkan in C:\School\FullStackJavaProject\project-Ozkanhlm\backend-java\ContentbeheerSevices\comment-service)
2024-12-27T19:13:51.770+0100 DEBUG              [main]                         be.pxl.services.CommentServiceApplicationTests - Running with Spring Boot v3.3.5, Spring v6.1.14
2024-12-27T19:13:51.771+0100 INFO               [main]                         be.pxl.services.CommentServiceApplicationTests - No active profile set, falling back to 1 default profile: "default"
2024-12-27T19:14:03.899+0100 INFO               [main]                         be.pxl.services.CommentServiceApplicationTests - Started CommentServicesTests in 14.773 seconds (process running for 34.52)
2024-12-27T19:14:05.727+0100 INFO               [main]                         be.pxl.services.services.CommentService - Deleted comments: [Comment(id=1, user=gebruiker, comment=Comment for post 101., postId=101), Comment(id=2, user=gebruiker, comment=Another comment for post 101., postId=101)]
2024-12-27T19:14:06.448+0100 INFO               [main]                         be.pxl.services.services.CommentService - Deleted comment: Comment(id=6, user=gebruiker, comment=This is a comment to delete., postId=101)
2024-12-27T19:14:06.626+0100 INFO               [main]                         be.pxl.services.services.CommentService - Updated comment: Comment(id=9, user=gebruiker, comment=Updated comment text, postId=101)
2024-12-27T19:14:06.680+0100 INFO               [main]                         be.pxl.services.services.CommentService - Added Comment: Comment(id=10, user=gebruiker, comment=This is a new comment., postId=103)
2024-12-27T19:17:14.064+0100 INFO               [main]                         be.pxl.services.CommentServiceApplicationTests - Starting CommentServicesTests using Java 21.0.1 with PID 19416 (started by Ozkan in C:\School\FullStackJavaProject\project-Ozkanhlm\backend-java\ContentbeheerSevices\comment-service)
2024-12-27T19:17:14.068+0100 DEBUG              [main]                         be.pxl.services.CommentServiceApplicationTests - Running with Spring Boot v3.3.5, Spring v6.1.14
2024-12-27T19:17:14.069+0100 INFO               [main]                         be.pxl.services.CommentServiceApplicationTests - No active profile set, falling back to 1 default profile: "default"
2024-12-27T19:17:30.058+0100 INFO               [main]                         be.pxl.services.CommentServiceApplicationTests - Started CommentServicesTests in 19.273 seconds (process running for 42.42)
2024-12-27T19:17:31.894+0100 INFO               [main]                         be.pxl.services.services.CommentService - Deleted comments: [Comment(id=1, user=gebruiker, comment=Comment for post 101., postId=101), Comment(id=2, user=gebruiker, comment=Another comment for post 101., postId=101)]
2024-12-27T19:17:33.070+0100 INFO               [main]                         be.pxl.services.services.CommentService - Deleted comment: Comment(id=6, user=gebruiker, comment=This is a comment to delete., postId=101)
2024-12-27T19:17:33.284+0100 INFO               [main]                         be.pxl.services.services.CommentService - Updated comment: Comment(id=9, user=gebruiker, comment=Updated comment text, postId=101)
2024-12-27T19:17:33.340+0100 INFO               [main]                         be.pxl.services.services.CommentService - Added Comment: Comment(id=10, user=gebruiker, comment=This is a new comment., postId=103)
2024-12-27T19:24:16.661+0100 INFO               [main]                         be.pxl.services.CommentServiceApplicationTests - Starting CommentServiceApplicationTests using Java 21.0.1 with PID 21284 (started by Ozkan in C:\School\FullStackJavaProject\project-Ozkanhlm\backend-java\ContentbeheerSevices\comment-service)
2024-12-27T19:24:16.664+0100 DEBUG              [main]                         be.pxl.services.CommentServiceApplicationTests - Running with Spring Boot v3.3.5, Spring v6.1.14
2024-12-27T19:24:16.665+0100 INFO               [main]                         be.pxl.services.CommentServiceApplicationTests - No active profile set, falling back to 1 default profile: "default"
2024-12-27T19:24:33.094+0100 INFO               [main]                         be.pxl.services.CommentServiceApplicationTests - Started CommentServiceApplicationTests in 20.113 seconds (process running for 45.081)
2024-12-27T19:24:34.891+0100 INFO               [main]                         be.pxl.services.services.CommentService - Deleted comments: [Comment(id=1, user=gebruiker, comment=Comment for post 101., postId=101), Comment(id=2, user=gebruiker, comment=Another comment for post 101., postId=101)]
2024-12-27T19:24:36.337+0100 INFO               [main]                         be.pxl.services.services.CommentService - Deleted comment: Comment(id=6, user=gebruiker, comment=This is a comment to delete., postId=101)
2024-12-27T19:24:36.607+0100 INFO               [main]                         be.pxl.services.services.CommentService - Updated comment: Comment(id=9, user=gebruiker, comment=Updated comment text, postId=101)
2024-12-27T19:24:36.672+0100 INFO               [main]                         be.pxl.services.services.CommentService - Added Comment: Comment(id=10, user=gebruiker, comment=This is a new comment., postId=103)
2024-12-27T19:26:42.330+0100 INFO               [main]                         be.pxl.services.CommentServiceApplicationTests - Starting CommentServiceApplicationTests using Java 21.0.1 with PID 34340 (started by Ozkan in C:\School\FullStackJavaProject\project-Ozkanhlm\backend-java\ContentbeheerSevices\comment-service)
2024-12-27T19:26:42.332+0100 DEBUG              [main]                         be.pxl.services.CommentServiceApplicationTests - Running with Spring Boot v3.3.5, Spring v6.1.14
2024-12-27T19:26:42.333+0100 INFO               [main]                         be.pxl.services.CommentServiceApplicationTests - No active profile set, falling back to 1 default profile: "default"
2024-12-27T19:26:57.804+0100 INFO               [main]                         be.pxl.services.CommentServiceApplicationTests - Started CommentServiceApplicationTests in 19.122 seconds (process running for 41.292)
2024-12-27T19:26:59.537+0100 INFO               [main]                         be.pxl.services.services.CommentService - Deleted comments: [Comment(id=1, user=gebruiker, comment=Comment for post 101., postId=101), Comment(id=2, user=gebruiker, comment=Another comment for post 101., postId=101)]
2024-12-27T19:27:00.950+0100 INFO               [main]                         be.pxl.services.services.CommentService - Deleted comment: Comment(id=6, user=gebruiker, comment=This is a comment to delete., postId=101)
2024-12-27T19:27:01.244+0100 INFO               [main]                         be.pxl.services.services.CommentService - Updated comment: Comment(id=9, user=gebruiker, comment=Updated comment text, postId=101)
2024-12-27T19:27:01.304+0100 INFO               [main]                         be.pxl.services.services.CommentService - Added Comment: Comment(id=10, user=gebruiker, comment=This is a new comment., postId=103)
